<?xml version="1.0" encoding="UTF-8" standalone="yes"?><!DOCTYPE report PUBLIC "-//JACOCO//DTD Report 1.0//EN" "report.dtd"><report name="survey-system-survey-service"><sessioninfo id="putra-ThinkPad-E480-3845d98d" start="1572594376531" dump="1572594387104"/><package name="com/emerio/surveysystem"><class name="com/emerio/surveysystem/DemoApplication"><method name="&lt;init&gt;" desc="()V" line="19"><counter type="INSTRUCTION" missed="0" covered="3"/><counter type="LINE" missed="0" covered="1"/><counter type="COMPLEXITY" missed="0" covered="1"/><counter type="METHOD" missed="0" covered="1"/></method><method name="main" desc="([Ljava/lang/String;)V" line="26"><counter type="INSTRUCTION" missed="0" covered="5"/><counter type="LINE" missed="0" covered="2"/><counter type="COMPLEXITY" missed="0" covered="1"/><counter type="METHOD" missed="0" covered="1"/></method><counter type="INSTRUCTION" missed="0" covered="8"/><counter type="LINE" missed="0" covered="3"/><counter type="COMPLEXITY" missed="0" covered="2"/><counter type="METHOD" missed="0" covered="2"/><counter type="CLASS" missed="0" covered="1"/></class><class name="com/emerio/surveysystem/SurveyRowMapper$1"><method name="&lt;init&gt;" desc="(Lcom/emerio/surveysystem/SurveyRowMapper;)V" line="48"><counter type="INSTRUCTION" missed="0" covered="6"/><counter type="LINE" missed="0" covered="1"/><counter type="COMPLEXITY" missed="0" covered="1"/><counter type="METHOD" missed="0" covered="1"/></method><counter type="INSTRUCTION" missed="0" covered="6"/><counter type="LINE" missed="0" covered="1"/><counter type="COMPLEXITY" missed="0" covered="1"/><counter type="METHOD" missed="0" covered="1"/><counter type="CLASS" missed="0" covered="1"/></class><class name="com/emerio/surveysystem/SurveyPageRowMapper"><method name="&lt;init&gt;" desc="()V" line="11"><counter type="INSTRUCTION" missed="3" covered="0"/><counter type="LINE" missed="1" covered="0"/><counter type="COMPLEXITY" missed="1" covered="0"/><counter type="METHOD" missed="1" covered="0"/></method><method name="mapRow" desc="(Ljava/sql/ResultSet;I)Lcom/emerio/surveysystem/model/Survey;" line="16"><counter type="INSTRUCTION" missed="55" covered="0"/><counter type="LINE" missed="13" covered="0"/><counter type="COMPLEXITY" missed="1" covered="0"/><counter type="METHOD" missed="1" covered="0"/></method><counter type="INSTRUCTION" missed="58" covered="0"/><counter type="LINE" missed="14" covered="0"/><counter type="COMPLEXITY" missed="2" covered="0"/><counter type="METHOD" missed="2" covered="0"/><counter type="CLASS" missed="1" covered="0"/></class><class name="com/emerio/surveysystem/PageOneRowMapper"><method name="&lt;init&gt;" desc="()V" line="15"><counter type="INSTRUCTION" missed="3" covered="0"/><counter type="LINE" missed="1" covered="0"/><counter type="COMPLEXITY" missed="1" covered="0"/><counter type="METHOD" missed="1" covered="0"/></method><method name="mapRow" desc="(Ljava/sql/ResultSet;I)Lcom/emerio/surveysystem/model/Survey;" line="20"><counter type="INSTRUCTION" missed="39" covered="0"/><counter type="LINE" missed="10" covered="0"/><counter type="COMPLEXITY" missed="1" covered="0"/><counter type="METHOD" missed="1" covered="0"/></method><counter type="INSTRUCTION" missed="42" covered="0"/><counter type="LINE" missed="11" covered="0"/><counter type="COMPLEXITY" missed="2" covered="0"/><counter type="METHOD" missed="2" covered="0"/><counter type="CLASS" missed="1" covered="0"/></class><class name="com/emerio/surveysystem/ResponseTempRowMapper$1"><method name="&lt;init&gt;" desc="(Lcom/emerio/surveysystem/ResponseTempRowMapper;)V" line="33"><counter type="INSTRUCTION" missed="6" covered="0"/><counter type="LINE" missed="1" covered="0"/><counter type="COMPLEXITY" missed="1" covered="0"/><counter type="METHOD" missed="1" covered="0"/></method><counter type="INSTRUCTION" missed="6" covered="0"/><counter type="LINE" missed="1" covered="0"/><counter type="COMPLEXITY" missed="1" covered="0"/><counter type="METHOD" missed="1" covered="0"/><counter type="CLASS" missed="1" covered="0"/></class><class name="com/emerio/surveysystem/PageRowMapper"><method name="&lt;init&gt;" desc="()V" line="11"><counter type="INSTRUCTION" missed="3" covered="0"/><counter type="LINE" missed="1" covered="0"/><counter type="COMPLEXITY" missed="1" covered="0"/><counter type="METHOD" missed="1" covered="0"/></method><method name="mapRow" desc="(Ljava/sql/ResultSet;I)Lcom/emerio/surveysystem/model/Page;" line="16"><counter type="INSTRUCTION" missed="14" covered="0"/><counter type="LINE" missed="3" covered="0"/><counter type="COMPLEXITY" missed="1" covered="0"/><counter type="METHOD" missed="1" covered="0"/></method><counter type="INSTRUCTION" missed="17" covered="0"/><counter type="LINE" missed="4" covered="0"/><counter type="COMPLEXITY" missed="2" covered="0"/><counter type="METHOD" missed="2" covered="0"/><counter type="CLASS" missed="1" covered="0"/></class><class name="com/emerio/surveysystem/Controller"><method name="&lt;init&gt;" desc="()V" line="27"><counter type="INSTRUCTION" missed="0" covered="3"/><counter type="LINE" missed="0" covered="1"/><counter type="COMPLEXITY" missed="0" covered="1"/><counter type="METHOD" missed="0" covered="1"/></method><method name="generateIdSurvey" desc="()Lorg/springframework/http/ResponseEntity;" line="49"><counter type="INSTRUCTION" missed="0" covered="9"/><counter type="LINE" missed="0" covered="1"/><counter type="COMPLEXITY" missed="0" covered="1"/><counter type="METHOD" missed="0" covered="1"/></method><method name="addSurvey" desc="(Lcom/emerio/surveysystem/model/Survey;)Lorg/springframework/http/ResponseEntity;" line="55"><counter type="INSTRUCTION" missed="0" covered="24"/><counter type="BRANCH" missed="0" covered="2"/><counter type="LINE" missed="0" covered="5"/><counter type="COMPLEXITY" missed="0" covered="2"/><counter type="METHOD" missed="0" covered="1"/></method><method name="getAllSurvey" desc="()Lorg/springframework/http/ResponseEntity;" line="67"><counter type="INSTRUCTION" missed="6" covered="8"/><counter type="LINE" missed="2" covered="1"/><counter type="COMPLEXITY" missed="0" covered="1"/><counter type="METHOD" missed="0" covered="1"/></method><method name="getSurveyById" desc="(I)Lorg/springframework/http/ResponseEntity;" line="76"><counter type="INSTRUCTION" missed="9" covered="14"/><counter type="BRANCH" missed="1" covered="1"/><counter type="LINE" missed="1" covered="3"/><counter type="COMPLEXITY" missed="1" covered="1"/><counter type="METHOD" missed="0" covered="1"/></method><method name="getSurveyPageOneById" desc="(I)Lorg/springframework/http/ResponseEntity;" line="87"><counter type="INSTRUCTION" missed="23" covered="0"/><counter type="BRANCH" missed="2" covered="0"/><counter type="LINE" missed="4" covered="0"/><counter type="COMPLEXITY" missed="2" covered="0"/><counter type="METHOD" missed="1" covered="0"/></method><method name="getSurveyByUserIdSurveyIdandPageId" desc="(Ljava/lang/String;II)Lorg/springframework/http/ResponseEntity;" line="99"><counter type="INSTRUCTION" missed="200" covered="0"/><counter type="BRANCH" missed="6" covered="0"/><counter type="LINE" missed="40" covered="0"/><counter type="COMPLEXITY" missed="4" covered="0"/><counter type="METHOD" missed="1" covered="0"/></method><method name="surveyPagination" desc="(Ljava/lang/String;I)Lorg/springframework/http/ResponseEntity;" line="168"><counter type="INSTRUCTION" missed="31" covered="0"/><counter type="LINE" missed="6" covered="0"/><counter type="COMPLEXITY" missed="1" covered="0"/><counter type="METHOD" missed="1" covered="0"/></method><method name="surveyPaginationSaveStatus" desc="(Ljava/lang/String;I)Lorg/springframework/http/ResponseEntity;" line="182"><counter type="INSTRUCTION" missed="31" covered="0"/><counter type="LINE" missed="6" covered="0"/><counter type="COMPLEXITY" missed="1" covered="0"/><counter type="METHOD" missed="1" covered="0"/></method><method name="surveyPaginationSaveStatusSortByASC" desc="(Ljava/lang/String;I)Lorg/springframework/http/ResponseEntity;" line="198"><counter type="INSTRUCTION" missed="31" covered="0"/><counter type="LINE" missed="6" covered="0"/><counter type="COMPLEXITY" missed="1" covered="0"/><counter type="METHOD" missed="1" covered="0"/></method><method name="surveyPaginationSaveStatusSortByDESC" desc="(Ljava/lang/String;I)Lorg/springframework/http/ResponseEntity;" line="216"><counter type="INSTRUCTION" missed="31" covered="0"/><counter type="LINE" missed="6" covered="0"/><counter type="COMPLEXITY" missed="1" covered="0"/><counter type="METHOD" missed="1" covered="0"/></method><method name="surveyPaginationSaveStatusSortByDateASC" desc="(Ljava/lang/String;I)Lorg/springframework/http/ResponseEntity;" line="234"><counter type="INSTRUCTION" missed="31" covered="0"/><counter type="LINE" missed="6" covered="0"/><counter type="COMPLEXITY" missed="1" covered="0"/><counter type="METHOD" missed="1" covered="0"/></method><method name="surveyPaginationSaveStatusSortByDateDESC" desc="(Ljava/lang/String;I)Lorg/springframework/http/ResponseEntity;" line="253"><counter type="INSTRUCTION" missed="31" covered="0"/><counter type="LINE" missed="6" covered="0"/><counter type="COMPLEXITY" missed="1" covered="0"/><counter type="METHOD" missed="1" covered="0"/></method><method name="surveyPaginationSubmitStatus" desc="(Ljava/lang/String;I)Lorg/springframework/http/ResponseEntity;" line="271"><counter type="INSTRUCTION" missed="31" covered="0"/><counter type="LINE" missed="6" covered="0"/><counter type="COMPLEXITY" missed="1" covered="0"/><counter type="METHOD" missed="1" covered="0"/></method><method name="surveyPaginationPublishsortByASC" desc="(Ljava/lang/String;I)Lorg/springframework/http/ResponseEntity;" line="289"><counter type="INSTRUCTION" missed="31" covered="0"/><counter type="LINE" missed="6" covered="0"/><counter type="COMPLEXITY" missed="1" covered="0"/><counter type="METHOD" missed="1" covered="0"/></method><method name="surveyPaginationSubmitStatusSortByDESC" desc="(Ljava/lang/String;I)Lorg/springframework/http/ResponseEntity;" line="307"><counter type="INSTRUCTION" missed="31" covered="0"/><counter type="LINE" missed="6" covered="0"/><counter type="COMPLEXITY" missed="1" covered="0"/><counter type="METHOD" missed="1" covered="0"/></method><method name="surveyPaginationSubmitStatusSortByDateASC" desc="(Ljava/lang/String;I)Lorg/springframework/http/ResponseEntity;" line="326"><counter type="INSTRUCTION" missed="31" covered="0"/><counter type="LINE" missed="6" covered="0"/><counter type="COMPLEXITY" missed="1" covered="0"/><counter type="METHOD" missed="1" covered="0"/></method><method name="surveyPaginationSubmitStatusSortByDateDESC" desc="(Ljava/lang/String;I)Lorg/springframework/http/ResponseEntity;" line="345"><counter type="INSTRUCTION" missed="31" covered="0"/><counter type="LINE" missed="6" covered="0"/><counter type="COMPLEXITY" missed="1" covered="0"/><counter type="METHOD" missed="1" covered="0"/></method><method name="surveyPaginationSortBydesc" desc="(Ljava/lang/String;I)Lorg/springframework/http/ResponseEntity;" line="362"><counter type="INSTRUCTION" missed="31" covered="0"/><counter type="LINE" missed="6" covered="0"/><counter type="COMPLEXITY" missed="1" covered="0"/><counter type="METHOD" missed="1" covered="0"/></method><method name="surveyPaginationSortByasc" desc="(Ljava/lang/String;I)Lorg/springframework/http/ResponseEntity;" line="379"><counter type="INSTRUCTION" missed="31" covered="0"/><counter type="LINE" missed="6" covered="0"/><counter type="COMPLEXITY" missed="1" covered="0"/><counter type="METHOD" missed="1" covered="0"/></method><method name="surveyPaginationSortByLastModifiedDesc" desc="(Ljava/lang/String;I)Lorg/springframework/http/ResponseEntity;" line="396"><counter type="INSTRUCTION" missed="31" covered="0"/><counter type="LINE" missed="6" covered="0"/><counter type="COMPLEXITY" missed="1" covered="0"/><counter type="METHOD" missed="1" covered="0"/></method><method name="surveyPaginationSortByLastModifiedAsc" desc="(Ljava/lang/String;I)Lorg/springframework/http/ResponseEntity;" line="413"><counter type="INSTRUCTION" missed="31" covered="0"/><counter type="LINE" missed="6" covered="0"/><counter type="COMPLEXITY" missed="1" covered="0"/><counter type="METHOD" missed="1" covered="0"/></method><method name="surveyPaginationAssign" desc="(Ljava/lang/String;I)Lorg/springframework/http/ResponseEntity;" line="429"><counter type="INSTRUCTION" missed="31" covered="0"/><counter type="LINE" missed="6" covered="0"/><counter type="COMPLEXITY" missed="1" covered="0"/><counter type="METHOD" missed="1" covered="0"/></method><method name="surveyPaginationAssignActiveStatus" desc="(Ljava/lang/String;I)Lorg/springframework/http/ResponseEntity;" line="447"><counter type="INSTRUCTION" missed="31" covered="0"/><counter type="LINE" missed="6" covered="0"/><counter type="COMPLEXITY" missed="1" covered="0"/><counter type="METHOD" missed="1" covered="0"/></method><method name="surveyPaginationAssignInactiveStatus" desc="(Ljava/lang/String;I)Lorg/springframework/http/ResponseEntity;" line="465"><counter type="INSTRUCTION" missed="31" covered="0"/><counter type="LINE" missed="6" covered="0"/><counter type="COMPLEXITY" missed="1" covered="0"/><counter type="METHOD" missed="1" covered="0"/></method><method name="surveyPaginationAssignAnswered" desc="(Ljava/lang/String;I)Lorg/springframework/http/ResponseEntity;" line="482"><counter type="INSTRUCTION" missed="31" covered="0"/><counter type="LINE" missed="6" covered="0"/><counter type="COMPLEXITY" missed="1" covered="0"/><counter type="METHOD" missed="1" covered="0"/></method><method name="surveyPaginationAssignDismiss" desc="(Ljava/lang/String;I)Lorg/springframework/http/ResponseEntity;" line="498"><counter type="INSTRUCTION" missed="31" covered="0"/><counter type="LINE" missed="6" covered="0"/><counter type="COMPLEXITY" missed="1" covered="0"/><counter type="METHOD" missed="1" covered="0"/></method><method name="surveyPaginationAssignSortASc" desc="(Ljava/lang/String;I)Lorg/springframework/http/ResponseEntity;" line="516"><counter type="INSTRUCTION" missed="31" covered="0"/><counter type="LINE" missed="6" covered="0"/><counter type="COMPLEXITY" missed="1" covered="0"/><counter type="METHOD" missed="1" covered="0"/></method><method name="surveyPaginationAssignsortDesc" desc="(Ljava/lang/String;I)Lorg/springframework/http/ResponseEntity;" line="533"><counter type="INSTRUCTION" missed="31" covered="0"/><counter type="LINE" missed="6" covered="0"/><counter type="COMPLEXITY" missed="1" covered="0"/><counter type="METHOD" missed="1" covered="0"/></method><method name="surveyPaginationAssignLastModifiedASC" desc="(Ljava/lang/String;I)Lorg/springframework/http/ResponseEntity;" line="550"><counter type="INSTRUCTION" missed="31" covered="0"/><counter type="LINE" missed="6" covered="0"/><counter type="COMPLEXITY" missed="1" covered="0"/><counter type="METHOD" missed="1" covered="0"/></method><method name="surveyPaginationAssignLastModifiedDESC" desc="(Ljava/lang/String;I)Lorg/springframework/http/ResponseEntity;" line="569"><counter type="INSTRUCTION" missed="31" covered="0"/><counter type="LINE" missed="6" covered="0"/><counter type="COMPLEXITY" missed="1" covered="0"/><counter type="METHOD" missed="1" covered="0"/></method><method name="updateResponse" desc="(Lorg/bson/Document;)V" line="584"><counter type="INSTRUCTION" missed="5" covered="0"/><counter type="LINE" missed="2" covered="0"/><counter type="COMPLEXITY" missed="1" covered="0"/><counter type="METHOD" missed="1" covered="0"/></method><method name="deleteSurveyById" desc="(I)Lorg/springframework/http/ResponseEntity;" line="592"><counter type="INSTRUCTION" missed="9" covered="0"/><counter type="LINE" missed="2" covered="0"/><counter type="COMPLEXITY" missed="1" covered="0"/><counter type="METHOD" missed="1" covered="0"/></method><method name="selectAllUser" desc="()Lorg/springframework/http/ResponseEntity;" line="600"><counter type="INSTRUCTION" missed="14" covered="0"/><counter type="LINE" missed="3" covered="0"/><counter type="COMPLEXITY" missed="1" covered="0"/><counter type="METHOD" missed="1" covered="0"/></method><method name="assignSurvey" desc="(Lorg/bson/Document;)V" line="610"><counter type="INSTRUCTION" missed="0" covered="5"/><counter type="LINE" missed="0" covered="2"/><counter type="COMPLEXITY" missed="0" covered="1"/><counter type="METHOD" missed="0" covered="1"/></method><method name="check" desc="()Lcom/emerio/surveysystem/model/Survey;" line="617"><counter type="INSTRUCTION" missed="384" covered="0"/><counter type="LINE" missed="121" covered="0"/><counter type="COMPLEXITY" missed="1" covered="0"/><counter type="METHOD" missed="1" covered="0"/></method><method name="dismissSurvey" desc="(Ljava/lang/String;I)V" line="770"><counter type="INSTRUCTION" missed="6" covered="0"/><counter type="LINE" missed="2" covered="0"/><counter type="COMPLEXITY" missed="1" covered="0"/><counter type="METHOD" missed="1" covered="0"/></method><method name="cloneSurvey" desc="(I)Lcom/emerio/surveysystem/model/Survey;" line="776"><counter type="INSTRUCTION" missed="5" covered="0"/><counter type="LINE" missed="1" covered="0"/><counter type="COMPLEXITY" missed="1" covered="0"/><counter type="METHOD" missed="1" covered="0"/></method><method name="getDetail" desc="(II)Lorg/bson/Document;" line="782"><counter type="INSTRUCTION" missed="13" covered="0"/><counter type="BRANCH" missed="2" covered="0"/><counter type="LINE" missed="3" covered="0"/><counter type="COMPLEXITY" missed="2" covered="0"/><counter type="METHOD" missed="1" covered="0"/></method><method name="paginationUsersHighView" desc="(II)Lorg/bson/Document;" line="791"><counter type="INSTRUCTION" missed="6" covered="0"/><counter type="LINE" missed="1" covered="0"/><counter type="COMPLEXITY" missed="1" covered="0"/><counter type="METHOD" missed="1" covered="0"/></method><method name="coba" desc="()Ljava/util/List;" line="798"><counter type="INSTRUCTION" missed="8" covered="0"/><counter type="LINE" missed="1" covered="0"/><counter type="COMPLEXITY" missed="1" covered="0"/><counter type="METHOD" missed="1" covered="0"/></method><counter type="INSTRUCTION" missed="1432" covered="63"/><counter type="BRANCH" missed="11" covered="3"/><counter type="LINE" missed="327" covered="13"/><counter type="COMPLEXITY" missed="41" covered="7"/><counter type="METHOD" missed="35" covered="6"/><counter type="CLASS" missed="0" covered="1"/></class><class name="com/emerio/surveysystem/ValueRowMapper"><method name="&lt;init&gt;" desc="()V" line="14"><counter type="INSTRUCTION" missed="3" covered="0"/><counter type="LINE" missed="1" covered="0"/><counter type="COMPLEXITY" missed="1" covered="0"/><counter type="METHOD" missed="1" covered="0"/></method><method name="mapRow" desc="(Ljava/sql/ResultSet;I)Ljava/util/List;" line="19"><counter type="INSTRUCTION" missed="22" covered="0"/><counter type="LINE" missed="6" covered="0"/><counter type="COMPLEXITY" missed="1" covered="0"/><counter type="METHOD" missed="1" covered="0"/></method><counter type="INSTRUCTION" missed="25" covered="0"/><counter type="LINE" missed="7" covered="0"/><counter type="COMPLEXITY" missed="2" covered="0"/><counter type="METHOD" missed="2" covered="0"/><counter type="CLASS" missed="1" covered="0"/></class><class name="com/emerio/surveysystem/PageOneRowMapper$1"><method name="&lt;init&gt;" desc="(Lcom/emerio/surveysystem/PageOneRowMapper;)V" line="25"><counter type="INSTRUCTION" missed="6" covered="0"/><counter type="LINE" missed="1" covered="0"/><counter type="COMPLEXITY" missed="1" covered="0"/><counter type="METHOD" missed="1" covered="0"/></method><counter type="INSTRUCTION" missed="6" covered="0"/><counter type="LINE" missed="1" covered="0"/><counter type="COMPLEXITY" missed="1" covered="0"/><counter type="METHOD" missed="1" covered="0"/><counter type="CLASS" missed="1" covered="0"/></class><class name="com/emerio/surveysystem/ResponseTempRowMapper"><method name="&lt;init&gt;" desc="()V" line="16"><counter type="INSTRUCTION" missed="3" covered="0"/><counter type="LINE" missed="1" covered="0"/><counter type="COMPLEXITY" missed="1" covered="0"/><counter type="METHOD" missed="1" covered="0"/></method><method name="mapRow" desc="(Ljava/sql/ResultSet;I)Lcom/emerio/surveysystem/model/Response;" line="21"><counter type="INSTRUCTION" missed="69" covered="0"/><counter type="LINE" missed="16" covered="0"/><counter type="COMPLEXITY" missed="1" covered="0"/><counter type="METHOD" missed="1" covered="0"/></method><counter type="INSTRUCTION" missed="72" covered="0"/><counter type="LINE" missed="17" covered="0"/><counter type="COMPLEXITY" missed="2" covered="0"/><counter type="METHOD" missed="2" covered="0"/><counter type="CLASS" missed="1" covered="0"/></class><class name="com/emerio/surveysystem/ResponseRowMapper"><method name="&lt;init&gt;" desc="()V" line="16"><counter type="INSTRUCTION" missed="3" covered="0"/><counter type="LINE" missed="1" covered="0"/><counter type="COMPLEXITY" missed="1" covered="0"/><counter type="METHOD" missed="1" covered="0"/></method><method name="mapRow" desc="(Ljava/sql/ResultSet;I)Lcom/emerio/surveysystem/model/Response;" line="21"><counter type="INSTRUCTION" missed="69" covered="0"/><counter type="LINE" missed="16" covered="0"/><counter type="COMPLEXITY" missed="1" covered="0"/><counter type="METHOD" missed="1" covered="0"/></method><counter type="INSTRUCTION" missed="72" covered="0"/><counter type="LINE" missed="17" covered="0"/><counter type="COMPLEXITY" missed="2" covered="0"/><counter type="METHOD" missed="2" covered="0"/><counter type="CLASS" missed="1" covered="0"/></class><class name="com/emerio/surveysystem/SurveyRowMapper"><method name="&lt;init&gt;" desc="()V" line="19"><counter type="INSTRUCTION" missed="0" covered="3"/><counter type="LINE" missed="0" covered="1"/><counter type="COMPLEXITY" missed="0" covered="1"/><counter type="METHOD" missed="0" covered="1"/></method><method name="mapRow" desc="(Ljava/sql/ResultSet;I)Lcom/emerio/surveysystem/model/Survey;" line="26"><counter type="INSTRUCTION" missed="0" covered="84"/><counter type="LINE" missed="0" covered="19"/><counter type="COMPLEXITY" missed="0" covered="1"/><counter type="METHOD" missed="0" covered="1"/></method><counter type="INSTRUCTION" missed="0" covered="87"/><counter type="LINE" missed="0" covered="20"/><counter type="COMPLEXITY" missed="0" covered="2"/><counter type="METHOD" missed="0" covered="2"/><counter type="CLASS" missed="0" covered="1"/></class><class name="com/emerio/surveysystem/ValueRowMapper$1"><method name="&lt;init&gt;" desc="(Lcom/emerio/surveysystem/ValueRowMapper;)V" line="22"><counter type="INSTRUCTION" missed="6" covered="0"/><counter type="LINE" missed="1" covered="0"/><counter type="COMPLEXITY" missed="1" covered="0"/><counter type="METHOD" missed="1" covered="0"/></method><counter type="INSTRUCTION" missed="6" covered="0"/><counter type="LINE" missed="1" covered="0"/><counter type="COMPLEXITY" missed="1" covered="0"/><counter type="METHOD" missed="1" covered="0"/><counter type="CLASS" missed="1" covered="0"/></class><class name="com/emerio/surveysystem/ResponseRowMapper$1"><method name="&lt;init&gt;" desc="(Lcom/emerio/surveysystem/ResponseRowMapper;)V" line="33"><counter type="INSTRUCTION" missed="6" covered="0"/><counter type="LINE" missed="1" covered="0"/><counter type="COMPLEXITY" missed="1" covered="0"/><counter type="METHOD" missed="1" covered="0"/></method><counter type="INSTRUCTION" missed="6" covered="0"/><counter type="LINE" missed="1" covered="0"/><counter type="COMPLEXITY" missed="1" covered="0"/><counter type="METHOD" missed="1" covered="0"/><counter type="CLASS" missed="1" covered="0"/></class><sourcefile name="PageOneRowMapper.java"><line nr="15" mi="3" ci="0" mb="0" cb="0"/><line nr="20" mi="4" ci="0" mb="0" cb="0"/><line nr="21" mi="5" ci="0" mb="0" cb="0"/><line nr="22" mi="4" ci="0" mb="0" cb="0"/><line nr="24" mi="4" ci="0" mb="0" cb="0"/><line nr="25" mi="10" ci="0" mb="0" cb="0"/><line nr="26" mi="2" ci="0" mb="0" cb="0"/><line nr="27" mi="6" ci="0" mb="0" cb="0"/><line nr="29" mi="5" ci="0" mb="0" cb="0"/><line nr="31" mi="3" ci="0" mb="0" cb="0"/><line nr="33" mi="2" ci="0" mb="0" cb="0"/><counter type="INSTRUCTION" missed="48" covered="0"/><counter type="LINE" missed="11" covered="0"/><counter type="COMPLEXITY" missed="3" covered="0"/><counter type="METHOD" missed="3" covered="0"/><counter type="CLASS" missed="2" covered="0"/></sourcefile><sourcefile name="ValueRowMapper.java"><line nr="14" mi="3" ci="0" mb="0" cb="0"/><line nr="19" mi="4" ci="0" mb="0" cb="0"/><line nr="21" mi="4" ci="0" mb="0" cb="0"/><line nr="22" mi="10" ci="0" mb="0" cb="0"/><line nr="23" mi="2" ci="0" mb="0" cb="0"/><line nr="24" mi="6" ci="0" mb="0" cb="0"/><line nr="26" mi="2" ci="0" mb="0" cb="0"/><counter type="INSTRUCTION" missed="31" covered="0"/><counter type="LINE" missed="7" covered="0"/><counter type="COMPLEXITY" missed="3" covered="0"/><counter type="METHOD" missed="3" covered="0"/><counter type="CLASS" missed="2" covered="0"/></sourcefile><sourcefile name="SurveyPageRowMapper.java"><line nr="11" mi="3" ci="0" mb="0" cb="0"/><line nr="16" mi="2" ci="0" mb="0" cb="0"/><line nr="18" mi="4" ci="0" mb="0" cb="0"/><line nr="19" mi="5" ci="0" mb="0" cb="0"/><line nr="20" mi="5" ci="0" mb="0" cb="0"/><line nr="21" mi="5" ci="0" mb="0" cb="0"/><line nr="22" mi="5" ci="0" mb="0" cb="0"/><line nr="23" mi="5" ci="0" mb="0" cb="0"/><line nr="24" mi="5" ci="0" mb="0" cb="0"/><line nr="26" mi="4" ci="0" mb="0" cb="0"/><line nr="27" mi="4" ci="0" mb="0" cb="0"/><line nr="28" mi="6" ci="0" mb="0" cb="0"/><line nr="30" mi="3" ci="0" mb="0" cb="0"/><line nr="32" mi="2" ci="0" mb="0" cb="0"/><counter type="INSTRUCTION" missed="58" covered="0"/><counter type="LINE" missed="14" covered="0"/><counter type="COMPLEXITY" missed="2" covered="0"/><counter type="METHOD" missed="2" covered="0"/><counter type="CLASS" missed="1" covered="0"/></sourcefile><sourcefile name="ResponseRowMapper.java"><line nr="16" mi="3" ci="0" mb="0" cb="0"/><line nr="21" mi="4" ci="0" mb="0" cb="0"/><line nr="22" mi="5" ci="0" mb="0" cb="0"/><line nr="23" mi="5" ci="0" mb="0" cb="0"/><line nr="24" mi="5" ci="0" mb="0" cb="0"/><line nr="25" mi="5" ci="0" mb="0" cb="0"/><line nr="26" mi="5" ci="0" mb="0" cb="0"/><line nr="27" mi="5" ci="0" mb="0" cb="0"/><line nr="28" mi="5" ci="0" mb="0" cb="0"/><line nr="30" mi="4" ci="0" mb="0" cb="0"/><line nr="32" mi="4" ci="0" mb="0" cb="0"/><line nr="33" mi="10" ci="0" mb="0" cb="0"/><line nr="34" mi="2" ci="0" mb="0" cb="0"/><line nr="35" mi="6" ci="0" mb="0" cb="0"/><line nr="36" mi="3" ci="0" mb="0" cb="0"/><line nr="38" mi="5" ci="0" mb="0" cb="0"/><line nr="41" mi="2" ci="0" mb="0" cb="0"/><counter type="INSTRUCTION" missed="78" covered="0"/><counter type="LINE" missed="17" covered="0"/><counter type="COMPLEXITY" missed="3" covered="0"/><counter type="METHOD" missed="3" covered="0"/><counter type="CLASS" missed="2" covered="0"/></sourcefile><sourcefile name="ResponseTempRowMapper.java"><line nr="16" mi="3" ci="0" mb="0" cb="0"/><line nr="21" mi="4" ci="0" mb="0" cb="0"/><line nr="22" mi="5" ci="0" mb="0" cb="0"/><line nr="23" mi="5" ci="0" mb="0" cb="0"/><line nr="24" mi="5" ci="0" mb="0" cb="0"/><line nr="25" mi="5" ci="0" mb="0" cb="0"/><line nr="26" mi="5" ci="0" mb="0" cb="0"/><line nr="27" mi="5" ci="0" mb="0" cb="0"/><line nr="28" mi="5" ci="0" mb="0" cb="0"/><line nr="30" mi="4" ci="0" mb="0" cb="0"/><line nr="32" mi="4" ci="0" mb="0" cb="0"/><line nr="33" mi="10" ci="0" mb="0" cb="0"/><line nr="34" mi="2" ci="0" mb="0" cb="0"/><line nr="35" mi="6" ci="0" mb="0" cb="0"/><line nr="36" mi="3" ci="0" mb="0" cb="0"/><line nr="38" mi="5" ci="0" mb="0" cb="0"/><line nr="41" mi="2" ci="0" mb="0" cb="0"/><counter type="INSTRUCTION" missed="78" covered="0"/><counter type="LINE" missed="17" covered="0"/><counter type="COMPLEXITY" missed="3" covered="0"/><counter type="METHOD" missed="3" covered="0"/><counter type="CLASS" missed="2" covered="0"/></sourcefile><sourcefile name="DemoApplication.java"><line nr="19" mi="0" ci="3" mb="0" cb="0"/><line nr="26" mi="0" ci="4" mb="0" cb="0"/><line nr="27" mi="0" ci="1" mb="0" cb="0"/><counter type="INSTRUCTION" missed="0" covered="8"/><counter type="LINE" missed="0" covered="3"/><counter type="COMPLEXITY" missed="0" covered="2"/><counter type="METHOD" missed="0" covered="2"/><counter type="CLASS" missed="0" covered="1"/></sourcefile><sourcefile name="PageRowMapper.java"><line nr="11" mi="3" ci="0" mb="0" cb="0"/><line nr="16" mi="4" ci="0" mb="0" cb="0"/><line nr="18" mi="4" ci="0" mb="0" cb="0"/><line nr="20" mi="6" ci="0" mb="0" cb="0"/><counter type="INSTRUCTION" missed="17" covered="0"/><counter type="LINE" missed="4" covered="0"/><counter type="COMPLEXITY" missed="2" covered="0"/><counter type="METHOD" missed="2" covered="0"/><counter type="CLASS" missed="1" covered="0"/></sourcefile><sourcefile name="Controller.java"><line nr="27" mi="0" ci="3" mb="0" cb="0"/><line nr="49" mi="0" ci="9" mb="0" cb="0"/><line nr="55" mi="0" ci="7" mb="0" cb="0"/><line nr="56" mi="0" ci="3" mb="0" cb="2"/><line nr="57" mi="0" ci="4" mb="0" cb="0"/><line nr="58" mi="0" ci="5" mb="0" cb="0"/><line nr="60" mi="0" ci="5" mb="0" cb="0"/><line nr="67" mi="0" ci="8" mb="0" cb="0"/><line nr="68" mi="1" ci="0" mb="0" cb="0"/><line nr="69" mi="5" ci="0" mb="0" cb="0"/><line nr="76" mi="0" ci="6" mb="0" cb="0"/><line nr="77" mi="0" ci="3" mb="1" cb="1"/><line nr="78" mi="9" ci="0" mb="0" cb="0"/><line nr="80" mi="0" ci="5" mb="0" cb="0"/><line nr="87" mi="6" ci="0" mb="0" cb="0"/><line nr="88" mi="3" ci="0" mb="2" cb="0"/><line nr="89" mi="9" ci="0" mb="0" cb="0"/><line nr="91" mi="5" ci="0" mb="0" cb="0"/><line nr="99" mi="7" ci="0" mb="0" cb="0"/><line nr="100" mi="7" ci="0" mb="0" cb="0"/><line nr="101" mi="7" ci="0" mb="0" cb="0"/><line nr="103" mi="6" ci="0" mb="0" cb="0"/><line nr="104" mi="6" ci="0" mb="0" cb="0"/><line nr="106" mi="11" ci="0" mb="2" cb="0"/><line nr="108" mi="8" ci="0" mb="0" cb="0"/><line nr="109" mi="2" ci="0" mb="0" cb="0"/><line nr="111" mi="2" ci="0" mb="2" cb="0"/><line nr="112" mi="3" ci="0" mb="0" cb="0"/><line nr="113" mi="4" ci="0" mb="0" cb="0"/><line nr="117" mi="5" ci="0" mb="2" cb="0"/><line nr="118" mi="7" ci="0" mb="0" cb="0"/><line nr="119" mi="2" ci="0" mb="0" cb="0"/><line nr="120" mi="3" ci="0" mb="0" cb="0"/><line nr="121" mi="3" ci="0" mb="0" cb="0"/><line nr="122" mi="3" ci="0" mb="0" cb="0"/><line nr="123" mi="1" ci="0" mb="0" cb="0"/><line nr="125" mi="7" ci="0" mb="0" cb="0"/><line nr="126" mi="2" ci="0" mb="0" cb="0"/><line nr="128" mi="7" ci="0" mb="0" cb="0"/><line nr="129" mi="2" ci="0" mb="0" cb="0"/><line nr="131" mi="3" ci="0" mb="0" cb="0"/><line nr="132" mi="3" ci="0" mb="0" cb="0"/><line nr="139" mi="1" ci="0" mb="0" cb="0"/><line nr="141" mi="4" ci="0" mb="0" cb="0"/><line nr="143" mi="7" ci="0" mb="0" cb="0"/><line nr="144" mi="5" ci="0" mb="0" cb="0"/><line nr="145" mi="5" ci="0" mb="0" cb="0"/><line nr="146" mi="6" ci="0" mb="0" cb="0"/><line nr="147" mi="6" ci="0" mb="0" cb="0"/><line nr="148" mi="6" ci="0" mb="0" cb="0"/><line nr="149" mi="6" ci="0" mb="0" cb="0"/><line nr="150" mi="6" ci="0" mb="0" cb="0"/><line nr="151" mi="6" ci="0" mb="0" cb="0"/><line nr="152" mi="7" ci="0" mb="0" cb="0"/><line nr="153" mi="6" ci="0" mb="0" cb="0"/><line nr="154" mi="6" ci="0" mb="0" cb="0"/><line nr="155" mi="6" ci="0" mb="0" cb="0"/><line nr="157" mi="6" ci="0" mb="0" cb="0"/><line nr="168" mi="5" ci="0" mb="0" cb="0"/><line nr="169" mi="7" ci="0" mb="0" cb="0"/><line nr="170" mi="7" ci="0" mb="0" cb="0"/><line nr="171" mi="6" ci="0" mb="0" cb="0"/><line nr="172" mi="1" ci="0" mb="0" cb="0"/><line nr="173" mi="5" ci="0" mb="0" cb="0"/><line nr="182" mi="5" ci="0" mb="0" cb="0"/><line nr="183" mi="7" ci="0" mb="0" cb="0"/><line nr="184" mi="7" ci="0" mb="0" cb="0"/><line nr="186" mi="6" ci="0" mb="0" cb="0"/><line nr="187" mi="1" ci="0" mb="0" cb="0"/><line nr="188" mi="5" ci="0" mb="0" cb="0"/><line nr="198" mi="5" ci="0" mb="0" cb="0"/><line nr="199" mi="7" ci="0" mb="0" cb="0"/><line nr="200" mi="7" ci="0" mb="0" cb="0"/><line nr="202" mi="6" ci="0" mb="0" cb="0"/><line nr="204" mi="1" ci="0" mb="0" cb="0"/><line nr="205" mi="5" ci="0" mb="0" cb="0"/><line nr="216" mi="5" ci="0" mb="0" cb="0"/><line nr="217" mi="7" ci="0" mb="0" cb="0"/><line nr="218" mi="7" ci="0" mb="0" cb="0"/><line nr="220" mi="6" ci="0" mb="0" cb="0"/><line nr="222" mi="1" ci="0" mb="0" cb="0"/><line nr="223" mi="5" ci="0" mb="0" cb="0"/><line nr="234" mi="5" ci="0" mb="0" cb="0"/><line nr="236" mi="7" ci="0" mb="0" cb="0"/><line nr="238" mi="7" ci="0" mb="0" cb="0"/><line nr="240" mi="6" ci="0" mb="0" cb="0"/><line nr="241" mi="1" ci="0" mb="0" cb="0"/><line nr="242" mi="5" ci="0" mb="0" cb="0"/><line nr="253" mi="5" ci="0" mb="0" cb="0"/><line nr="254" mi="7" ci="0" mb="0" cb="0"/><line nr="256" mi="7" ci="0" mb="0" cb="0"/><line nr="258" mi="6" ci="0" mb="0" cb="0"/><line nr="259" mi="1" ci="0" mb="0" cb="0"/><line nr="260" mi="5" ci="0" mb="0" cb="0"/><line nr="271" mi="5" ci="0" mb="0" cb="0"/><line nr="272" mi="7" ci="0" mb="0" cb="0"/><line nr="273" mi="7" ci="0" mb="0" cb="0"/><line nr="275" mi="6" ci="0" mb="0" cb="0"/><line nr="277" mi="1" ci="0" mb="0" cb="0"/><line nr="278" mi="5" ci="0" mb="0" cb="0"/><line nr="289" mi="5" ci="0" mb="0" cb="0"/><line nr="290" mi="7" ci="0" mb="0" cb="0"/><line nr="291" mi="7" ci="0" mb="0" cb="0"/><line nr="293" mi="6" ci="0" mb="0" cb="0"/><line nr="295" mi="1" ci="0" mb="0" cb="0"/><line nr="296" mi="5" ci="0" mb="0" cb="0"/><line nr="307" mi="5" ci="0" mb="0" cb="0"/><line nr="308" mi="7" ci="0" mb="0" cb="0"/><line nr="310" mi="7" ci="0" mb="0" cb="0"/><line nr="312" mi="6" ci="0" mb="0" cb="0"/><line nr="314" mi="1" ci="0" mb="0" cb="0"/><line nr="315" mi="5" ci="0" mb="0" cb="0"/><line nr="326" mi="5" ci="0" mb="0" cb="0"/><line nr="327" mi="7" ci="0" mb="0" cb="0"/><line nr="329" mi="7" ci="0" mb="0" cb="0"/><line nr="331" mi="6" ci="0" mb="0" cb="0"/><line nr="333" mi="1" ci="0" mb="0" cb="0"/><line nr="334" mi="5" ci="0" mb="0" cb="0"/><line nr="345" mi="5" ci="0" mb="0" cb="0"/><line nr="346" mi="7" ci="0" mb="0" cb="0"/><line nr="348" mi="7" ci="0" mb="0" cb="0"/><line nr="350" mi="6" ci="0" mb="0" cb="0"/><line nr="351" mi="1" ci="0" mb="0" cb="0"/><line nr="352" mi="5" ci="0" mb="0" cb="0"/><line nr="362" mi="5" ci="0" mb="0" cb="0"/><line nr="363" mi="7" ci="0" mb="0" cb="0"/><line nr="364" mi="7" ci="0" mb="0" cb="0"/><line nr="366" mi="6" ci="0" mb="0" cb="0"/><line nr="368" mi="1" ci="0" mb="0" cb="0"/><line nr="369" mi="5" ci="0" mb="0" cb="0"/><line nr="379" mi="5" ci="0" mb="0" cb="0"/><line nr="380" mi="7" ci="0" mb="0" cb="0"/><line nr="381" mi="7" ci="0" mb="0" cb="0"/><line nr="383" mi="6" ci="0" mb="0" cb="0"/><line nr="384" mi="1" ci="0" mb="0" cb="0"/><line nr="385" mi="5" ci="0" mb="0" cb="0"/><line nr="396" mi="5" ci="0" mb="0" cb="0"/><line nr="397" mi="7" ci="0" mb="0" cb="0"/><line nr="398" mi="7" ci="0" mb="0" cb="0"/><line nr="399" mi="6" ci="0" mb="0" cb="0"/><line nr="401" mi="1" ci="0" mb="0" cb="0"/><line nr="402" mi="5" ci="0" mb="0" cb="0"/><line nr="413" mi="5" ci="0" mb="0" cb="0"/><line nr="414" mi="7" ci="0" mb="0" cb="0"/><line nr="415" mi="7" ci="0" mb="0" cb="0"/><line nr="416" mi="6" ci="0" mb="0" cb="0"/><line nr="418" mi="1" ci="0" mb="0" cb="0"/><line nr="419" mi="5" ci="0" mb="0" cb="0"/><line nr="429" mi="5" ci="0" mb="0" cb="0"/><line nr="430" mi="7" ci="0" mb="0" cb="0"/><line nr="431" mi="7" ci="0" mb="0" cb="0"/><line nr="433" mi="6" ci="0" mb="0" cb="0"/><line nr="435" mi="1" ci="0" mb="0" cb="0"/><line nr="436" mi="5" ci="0" mb="0" cb="0"/><line nr="447" mi="5" ci="0" mb="0" cb="0"/><line nr="448" mi="7" ci="0" mb="0" cb="0"/><line nr="450" mi="7" ci="0" mb="0" cb="0"/><line nr="452" mi="6" ci="0" mb="0" cb="0"/><line nr="454" mi="1" ci="0" mb="0" cb="0"/><line nr="455" mi="5" ci="0" mb="0" cb="0"/><line nr="465" mi="5" ci="0" mb="0" cb="0"/><line nr="466" mi="7" ci="0" mb="0" cb="0"/><line nr="468" mi="7" ci="0" mb="0" cb="0"/><line nr="470" mi="6" ci="0" mb="0" cb="0"/><line nr="471" mi="1" ci="0" mb="0" cb="0"/><line nr="472" mi="5" ci="0" mb="0" cb="0"/><line nr="482" mi="5" ci="0" mb="0" cb="0"/><line nr="483" mi="7" ci="0" mb="0" cb="0"/><line nr="484" mi="7" ci="0" mb="0" cb="0"/><line nr="485" mi="6" ci="0" mb="0" cb="0"/><line nr="487" mi="1" ci="0" mb="0" cb="0"/><line nr="488" mi="5" ci="0" mb="0" cb="0"/><line nr="498" mi="5" ci="0" mb="0" cb="0"/><line nr="499" mi="7" ci="0" mb="0" cb="0"/><line nr="500" mi="7" ci="0" mb="0" cb="0"/><line nr="502" mi="6" ci="0" mb="0" cb="0"/><line nr="504" mi="1" ci="0" mb="0" cb="0"/><line nr="505" mi="5" ci="0" mb="0" cb="0"/><line nr="516" mi="5" ci="0" mb="0" cb="0"/><line nr="517" mi="7" ci="0" mb="0" cb="0"/><line nr="518" mi="7" ci="0" mb="0" cb="0"/><line nr="520" mi="6" ci="0" mb="0" cb="0"/><line nr="521" mi="1" ci="0" mb="0" cb="0"/><line nr="522" mi="5" ci="0" mb="0" cb="0"/><line nr="533" mi="5" ci="0" mb="0" cb="0"/><line nr="534" mi="7" ci="0" mb="0" cb="0"/><line nr="535" mi="7" ci="0" mb="0" cb="0"/><line nr="537" mi="6" ci="0" mb="0" cb="0"/><line nr="538" mi="1" ci="0" mb="0" cb="0"/><line nr="539" mi="5" ci="0" mb="0" cb="0"/><line nr="550" mi="5" ci="0" mb="0" cb="0"/><line nr="551" mi="7" ci="0" mb="0" cb="0"/><line nr="553" mi="7" ci="0" mb="0" cb="0"/><line nr="555" mi="6" ci="0" mb="0" cb="0"/><line nr="557" mi="1" ci="0" mb="0" cb="0"/><line nr="558" mi="5" ci="0" mb="0" cb="0"/><line nr="569" mi="5" ci="0" mb="0" cb="0"/><line nr="570" mi="7" ci="0" mb="0" cb="0"/><line nr="572" mi="7" ci="0" mb="0" cb="0"/><line nr="574" mi="6" ci="0" mb="0" cb="0"/><line nr="576" mi="1" ci="0" mb="0" cb="0"/><line nr="577" mi="5" ci="0" mb="0" cb="0"/><line nr="584" mi="4" ci="0" mb="0" cb="0"/><line nr="585" mi="1" ci="0" mb="0" cb="0"/><line nr="592" mi="4" ci="0" mb="0" cb="0"/><line nr="593" mi="5" ci="0" mb="0" cb="0"/><line nr="600" mi="8" ci="0" mb="0" cb="0"/><line nr="601" mi="1" ci="0" mb="0" cb="0"/><line nr="602" mi="5" ci="0" mb="0" cb="0"/><line nr="610" mi="0" ci="4" mb="0" cb="0"/><line nr="612" mi="0" ci="1" mb="0" cb="0"/><line nr="617" mi="4" ci="0" mb="0" cb="0"/><line nr="618" mi="3" ci="0" mb="0" cb="0"/><line nr="619" mi="3" ci="0" mb="0" cb="0"/><line nr="620" mi="3" ci="0" mb="0" cb="0"/><line nr="621" mi="3" ci="0" mb="0" cb="0"/><line nr="622" mi="4" ci="0" mb="0" cb="0"/><line nr="623" mi="4" ci="0" mb="0" cb="0"/><line nr="625" mi="4" ci="0" mb="0" cb="0"/><line nr="626" mi="3" ci="0" mb="0" cb="0"/><line nr="627" mi="3" ci="0" mb="0" cb="0"/><line nr="628" mi="3" ci="0" mb="0" cb="0"/><line nr="630" mi="4" ci="0" mb="0" cb="0"/><line nr="631" mi="3" ci="0" mb="0" cb="0"/><line nr="632" mi="3" ci="0" mb="0" cb="0"/><line nr="633" mi="3" ci="0" mb="0" cb="0"/><line nr="634" mi="3" ci="0" mb="0" cb="0"/><line nr="635" mi="3" ci="0" mb="0" cb="0"/><line nr="637" mi="4" ci="0" mb="0" cb="0"/><line nr="638" mi="3" ci="0" mb="0" cb="0"/><line nr="639" mi="3" ci="0" mb="0" cb="0"/><line nr="640" mi="3" ci="0" mb="0" cb="0"/><line nr="641" mi="3" ci="0" mb="0" cb="0"/><line nr="643" mi="3" ci="0" mb="0" cb="0"/><line nr="645" mi="4" ci="0" mb="0" cb="0"/><line nr="646" mi="3" ci="0" mb="0" cb="0"/><line nr="647" mi="3" ci="0" mb="0" cb="0"/><line nr="648" mi="3" ci="0" mb="0" cb="0"/><line nr="649" mi="3" ci="0" mb="0" cb="0"/><line nr="650" mi="3" ci="0" mb="0" cb="0"/><line nr="652" mi="4" ci="0" mb="0" cb="0"/><line nr="653" mi="3" ci="0" mb="0" cb="0"/><line nr="654" mi="3" ci="0" mb="0" cb="0"/><line nr="655" mi="3" ci="0" mb="0" cb="0"/><line nr="656" mi="3" ci="0" mb="0" cb="0"/><line nr="658" mi="3" ci="0" mb="0" cb="0"/><line nr="659" mi="3" ci="0" mb="0" cb="0"/><line nr="660" mi="3" ci="0" mb="0" cb="0"/><line nr="662" mi="4" ci="0" mb="0" cb="0"/><line nr="663" mi="3" ci="0" mb="0" cb="0"/><line nr="664" mi="3" ci="0" mb="0" cb="0"/><line nr="665" mi="3" ci="0" mb="0" cb="0"/><line nr="667" mi="4" ci="0" mb="0" cb="0"/><line nr="668" mi="3" ci="0" mb="0" cb="0"/><line nr="669" mi="3" ci="0" mb="0" cb="0"/><line nr="670" mi="3" ci="0" mb="0" cb="0"/><line nr="671" mi="3" ci="0" mb="0" cb="0"/><line nr="672" mi="3" ci="0" mb="0" cb="0"/><line nr="674" mi="4" ci="0" mb="0" cb="0"/><line nr="675" mi="3" ci="0" mb="0" cb="0"/><line nr="676" mi="3" ci="0" mb="0" cb="0"/><line nr="677" mi="3" ci="0" mb="0" cb="0"/><line nr="678" mi="3" ci="0" mb="0" cb="0"/><line nr="680" mi="4" ci="0" mb="0" cb="0"/><line nr="681" mi="3" ci="0" mb="0" cb="0"/><line nr="682" mi="3" ci="0" mb="0" cb="0"/><line nr="683" mi="3" ci="0" mb="0" cb="0"/><line nr="684" mi="3" ci="0" mb="0" cb="0"/><line nr="686" mi="4" ci="0" mb="0" cb="0"/><line nr="687" mi="3" ci="0" mb="0" cb="0"/><line nr="688" mi="3" ci="0" mb="0" cb="0"/><line nr="689" mi="3" ci="0" mb="0" cb="0"/><line nr="690" mi="3" ci="0" mb="0" cb="0"/><line nr="692" mi="3" ci="0" mb="0" cb="0"/><line nr="693" mi="3" ci="0" mb="0" cb="0"/><line nr="694" mi="3" ci="0" mb="0" cb="0"/><line nr="696" mi="4" ci="0" mb="0" cb="0"/><line nr="697" mi="3" ci="0" mb="0" cb="0"/><line nr="698" mi="3" ci="0" mb="0" cb="0"/><line nr="699" mi="3" ci="0" mb="0" cb="0"/><line nr="700" mi="3" ci="0" mb="0" cb="0"/><line nr="701" mi="3" ci="0" mb="0" cb="0"/><line nr="703" mi="4" ci="0" mb="0" cb="0"/><line nr="704" mi="3" ci="0" mb="0" cb="0"/><line nr="705" mi="3" ci="0" mb="0" cb="0"/><line nr="706" mi="3" ci="0" mb="0" cb="0"/><line nr="707" mi="3" ci="0" mb="0" cb="0"/><line nr="709" mi="4" ci="0" mb="0" cb="0"/><line nr="710" mi="3" ci="0" mb="0" cb="0"/><line nr="711" mi="3" ci="0" mb="0" cb="0"/><line nr="712" mi="3" ci="0" mb="0" cb="0"/><line nr="713" mi="3" ci="0" mb="0" cb="0"/><line nr="715" mi="4" ci="0" mb="0" cb="0"/><line nr="716" mi="3" ci="0" mb="0" cb="0"/><line nr="717" mi="3" ci="0" mb="0" cb="0"/><line nr="718" mi="3" ci="0" mb="0" cb="0"/><line nr="719" mi="3" ci="0" mb="0" cb="0"/><line nr="721" mi="3" ci="0" mb="0" cb="0"/><line nr="722" mi="3" ci="0" mb="0" cb="0"/><line nr="723" mi="3" ci="0" mb="0" cb="0"/><line nr="725" mi="4" ci="0" mb="0" cb="0"/><line nr="726" mi="3" ci="0" mb="0" cb="0"/><line nr="727" mi="3" ci="0" mb="0" cb="0"/><line nr="728" mi="3" ci="0" mb="0" cb="0"/><line nr="729" mi="3" ci="0" mb="0" cb="0"/><line nr="730" mi="3" ci="0" mb="0" cb="0"/><line nr="732" mi="4" ci="0" mb="0" cb="0"/><line nr="733" mi="3" ci="0" mb="0" cb="0"/><line nr="734" mi="3" ci="0" mb="0" cb="0"/><line nr="735" mi="3" ci="0" mb="0" cb="0"/><line nr="736" mi="3" ci="0" mb="0" cb="0"/><line nr="738" mi="4" ci="0" mb="0" cb="0"/><line nr="739" mi="3" ci="0" mb="0" cb="0"/><line nr="740" mi="3" ci="0" mb="0" cb="0"/><line nr="741" mi="3" ci="0" mb="0" cb="0"/><line nr="742" mi="3" ci="0" mb="0" cb="0"/><line nr="744" mi="4" ci="0" mb="0" cb="0"/><line nr="745" mi="3" ci="0" mb="0" cb="0"/><line nr="746" mi="3" ci="0" mb="0" cb="0"/><line nr="747" mi="3" ci="0" mb="0" cb="0"/><line nr="748" mi="3" ci="0" mb="0" cb="0"/><line nr="750" mi="3" ci="0" mb="0" cb="0"/><line nr="751" mi="3" ci="0" mb="0" cb="0"/><line nr="752" mi="3" ci="0" mb="0" cb="0"/><line nr="754" mi="3" ci="0" mb="0" cb="0"/><line nr="755" mi="3" ci="0" mb="0" cb="0"/><line nr="756" mi="3" ci="0" mb="0" cb="0"/><line nr="758" mi="3" ci="0" mb="0" cb="0"/><line nr="759" mi="3" ci="0" mb="0" cb="0"/><line nr="761" mi="2" ci="0" mb="0" cb="0"/><line nr="762" mi="5" ci="0" mb="0" cb="0"/><line nr="764" mi="2" ci="0" mb="0" cb="0"/><line nr="770" mi="5" ci="0" mb="0" cb="0"/><line nr="772" mi="1" ci="0" mb="0" cb="0"/><line nr="776" mi="5" ci="0" mb="0" cb="0"/><line nr="782" mi="5" ci="0" mb="2" cb="0"/><line nr="783" mi="2" ci="0" mb="0" cb="0"/><line nr="785" mi="6" ci="0" mb="0" cb="0"/><line nr="791" mi="6" ci="0" mb="0" cb="0"/><line nr="798" mi="8" ci="0" mb="0" cb="0"/><counter type="INSTRUCTION" missed="1432" covered="63"/><counter type="BRANCH" missed="11" covered="3"/><counter type="LINE" missed="327" covered="13"/><counter type="COMPLEXITY" missed="41" covered="7"/><counter type="METHOD" missed="35" covered="6"/><counter type="CLASS" missed="0" covered="1"/></sourcefile><sourcefile name="SurveyRowMapper.java"><line nr="19" mi="0" ci="3" mb="0" cb="0"/><line nr="26" mi="0" ci="2" mb="0" cb="0"/><line nr="29" mi="0" ci="4" mb="0" cb="0"/><line nr="31" mi="0" ci="5" mb="0" cb="0"/><line nr="32" mi="0" ci="5" mb="0" cb="0"/><line nr="33" mi="0" ci="5" mb="0" cb="0"/><line nr="34" mi="0" ci="5" mb="0" cb="0"/><line nr="35" mi="0" ci="5" mb="0" cb="0"/><line nr="36" mi="0" ci="5" mb="0" cb="0"/><line nr="37" mi="0" ci="6" mb="0" cb="0"/><line nr="38" mi="0" ci="6" mb="0" cb="0"/><line nr="39" mi="0" ci="6" mb="0" cb="0"/><line nr="40" mi="0" ci="5" mb="0" cb="0"/><line nr="45" mi="0" ci="4" mb="0" cb="0"/><line nr="47" mi="0" ci="4" mb="0" cb="0"/><line nr="48" mi="0" ci="10" mb="0" cb="0"/><line nr="49" mi="0" ci="2" mb="0" cb="0"/><line nr="50" mi="0" ci="6" mb="0" cb="0"/><line nr="51" mi="0" ci="3" mb="0" cb="0"/><line nr="55" mi="0" ci="2" mb="0" cb="0"/><counter type="INSTRUCTION" missed="0" covered="93"/><counter type="LINE" missed="0" covered="20"/><counter type="COMPLEXITY" missed="0" covered="3"/><counter type="METHOD" missed="0" covered="3"/><counter type="CLASS" missed="0" covered="2"/></sourcefile><counter type="INSTRUCTION" missed="1742" covered="164"/><counter type="BRANCH" missed="11" covered="3"/><counter type="LINE" missed="397" covered="36"/><counter type="COMPLEXITY" missed="57" covered="12"/><counter type="METHOD" missed="51" covered="11"/><counter type="CLASS" missed="10" covered="4"/></package><package name="com/emerio/surveysystem/service"><class name="com/emerio/surveysystem/service/FileService"><method name="&lt;init&gt;" desc="()V" line="20"><counter type="INSTRUCTION" missed="0" covered="3"/><counter type="LINE" missed="0" covered="1"/><counter type="COMPLEXITY" missed="0" covered="1"/><counter type="METHOD" missed="0" covered="1"/></method><method name="getFile" desc="(Ljava/lang/String;Ljava/lang/String;)Ljava/io/InputStream;" line="50"><counter type="INSTRUCTION" missed="30" covered="0"/><counter type="LINE" missed="10" covered="0"/><counter type="COMPLEXITY" missed="1" covered="0"/><counter type="METHOD" missed="1" covered="0"/></method><method name="uploadFile" desc="([BLjava/lang/String;)V" line="69"><counter type="INSTRUCTION" missed="121" covered="0"/><counter type="BRANCH" missed="2" covered="0"/><counter type="LINE" missed="38" covered="0"/><counter type="COMPLEXITY" missed="2" covered="0"/><counter type="METHOD" missed="1" covered="0"/></method><counter type="INSTRUCTION" missed="151" covered="3"/><counter type="BRANCH" missed="2" covered="0"/><counter type="LINE" missed="48" covered="1"/><counter type="COMPLEXITY" missed="3" covered="1"/><counter type="METHOD" missed="2" covered="1"/><counter type="CLASS" missed="0" covered="1"/></class><class name="com/emerio/surveysystem/service/SurveyService"><method name="&lt;init&gt;" desc="()V" line="20"><counter type="INSTRUCTION" missed="0" covered="3"/><counter type="LINE" missed="0" covered="1"/><counter type="COMPLEXITY" missed="0" covered="1"/><counter type="METHOD" missed="0" covered="1"/></method><method name="insert" desc="(Lcom/emerio/surveysystem/model/Survey;)V" line="29"><counter type="INSTRUCTION" missed="0" covered="5"/><counter type="LINE" missed="0" covered="2"/><counter type="COMPLEXITY" missed="0" covered="1"/><counter type="METHOD" missed="0" covered="1"/></method><method name="inserBatch" desc="(Ljava/util/List;)V" line="33"><counter type="INSTRUCTION" missed="0" covered="5"/><counter type="LINE" missed="0" covered="2"/><counter type="COMPLEXITY" missed="0" covered="1"/><counter type="METHOD" missed="0" covered="1"/></method><method name="loadAlSurveys" desc="()Ljava/util/List;" line="37"><counter type="INSTRUCTION" missed="0" covered="4"/><counter type="LINE" missed="0" covered="1"/><counter type="COMPLEXITY" missed="0" covered="1"/><counter type="METHOD" missed="0" covered="1"/></method><method name="loadSurveyById" desc="(I)Lcom/emerio/surveysystem/model/Survey;" line="41"><counter type="INSTRUCTION" missed="0" covered="5"/><counter type="LINE" missed="0" covered="1"/><counter type="COMPLEXITY" missed="0" covered="1"/><counter type="METHOD" missed="0" covered="1"/></method><method name="updateSurvey" desc="(Lcom/emerio/surveysystem/model/Survey;)V" line="45"><counter type="INSTRUCTION" missed="0" covered="5"/><counter type="LINE" missed="0" covered="2"/><counter type="COMPLEXITY" missed="0" covered="1"/><counter type="METHOD" missed="0" covered="1"/></method><method name="getnerateId" desc="()I" line="50"><counter type="INSTRUCTION" missed="0" covered="4"/><counter type="LINE" missed="0" covered="1"/><counter type="COMPLEXITY" missed="0" covered="1"/><counter type="METHOD" missed="0" covered="1"/></method><method name="loadSurveyByIdPageOne" desc="(I)Lcom/emerio/surveysystem/model/Survey;" line="54"><counter type="INSTRUCTION" missed="5" covered="0"/><counter type="LINE" missed="1" covered="0"/><counter type="COMPLEXITY" missed="1" covered="0"/><counter type="METHOD" missed="1" covered="0"/></method><method name="loadPageBySurveyIdandPageId" desc="(ILjava/lang/String;I)Lcom/emerio/surveysystem/model/Page;" line="58"><counter type="INSTRUCTION" missed="7" covered="0"/><counter type="LINE" missed="1" covered="0"/><counter type="COMPLEXITY" missed="1" covered="0"/><counter type="METHOD" missed="1" covered="0"/></method><method name="loadSurveyBySurveyIdandPageId" desc="(ILjava/lang/String;I)Lcom/emerio/surveysystem/model/Survey;" line="62"><counter type="INSTRUCTION" missed="7" covered="0"/><counter type="LINE" missed="1" covered="0"/><counter type="COMPLEXITY" missed="1" covered="0"/><counter type="METHOD" missed="1" covered="0"/></method><method name="totalCountPage" desc="(I)I" line="66"><counter type="INSTRUCTION" missed="5" covered="0"/><counter type="LINE" missed="1" covered="0"/><counter type="COMPLEXITY" missed="1" covered="0"/><counter type="METHOD" missed="1" covered="0"/></method><method name="loadOptionAnswerbySurveyIdPageIdandQuestionId" desc="(IIILjava/lang/String;)Ljava/util/List;" line="71"><counter type="INSTRUCTION" missed="8" covered="0"/><counter type="LINE" missed="1" covered="0"/><counter type="COMPLEXITY" missed="1" covered="0"/><counter type="METHOD" missed="1" covered="0"/></method><method name="loadAnswerbySurveyIdPageIdandQuestionId" desc="(IIILjava/lang/String;)Ljava/lang/String;" line="75"><counter type="INSTRUCTION" missed="8" covered="0"/><counter type="LINE" missed="1" covered="0"/><counter type="COMPLEXITY" missed="1" covered="0"/><counter type="METHOD" missed="1" covered="0"/></method><method name="checkAnswerBySurveyIdPageIdQuestionId" desc="(IIILjava/lang/String;)Ljava/lang/Boolean;" line="79"><counter type="INSTRUCTION" missed="8" covered="0"/><counter type="LINE" missed="1" covered="0"/><counter type="COMPLEXITY" missed="1" covered="0"/><counter type="METHOD" missed="1" covered="0"/></method><method name="surveyPagination" desc="(Ljava/lang/String;II)Ljava/util/List;" line="83"><counter type="INSTRUCTION" missed="7" covered="0"/><counter type="LINE" missed="1" covered="0"/><counter type="COMPLEXITY" missed="1" covered="0"/><counter type="METHOD" missed="1" covered="0"/></method><method name="surveyPaginationSaveStatus" desc="(Ljava/lang/String;II)Ljava/util/List;" line="87"><counter type="INSTRUCTION" missed="7" covered="0"/><counter type="LINE" missed="1" covered="0"/><counter type="COMPLEXITY" missed="1" covered="0"/><counter type="METHOD" missed="1" covered="0"/></method><method name="surveyPaginationSaveStatusSortByASC" desc="(Ljava/lang/String;II)Ljava/util/List;" line="92"><counter type="INSTRUCTION" missed="7" covered="0"/><counter type="LINE" missed="1" covered="0"/><counter type="COMPLEXITY" missed="1" covered="0"/><counter type="METHOD" missed="1" covered="0"/></method><method name="surveyPaginationSaveStatusSortByDESC" desc="(Ljava/lang/String;II)Ljava/util/List;" line="97"><counter type="INSTRUCTION" missed="7" covered="0"/><counter type="LINE" missed="1" covered="0"/><counter type="COMPLEXITY" missed="1" covered="0"/><counter type="METHOD" missed="1" covered="0"/></method><method name="surveyPaginationSaveStatusSortByDateASC" desc="(Ljava/lang/String;II)Ljava/util/List;" line="102"><counter type="INSTRUCTION" missed="7" covered="0"/><counter type="LINE" missed="1" covered="0"/><counter type="COMPLEXITY" missed="1" covered="0"/><counter type="METHOD" missed="1" covered="0"/></method><method name="surveyPaginationSaveStatusSortByDateDESC" desc="(Ljava/lang/String;II)Ljava/util/List;" line="107"><counter type="INSTRUCTION" missed="7" covered="0"/><counter type="LINE" missed="1" covered="0"/><counter type="COMPLEXITY" missed="1" covered="0"/><counter type="METHOD" missed="1" covered="0"/></method><method name="surveyPaginationPublishStatus" desc="(Ljava/lang/String;II)Ljava/util/List;" line="111"><counter type="INSTRUCTION" missed="7" covered="0"/><counter type="LINE" missed="1" covered="0"/><counter type="COMPLEXITY" missed="1" covered="0"/><counter type="METHOD" missed="1" covered="0"/></method><method name="surveyPaginationPublishStatusSortByASC" desc="(Ljava/lang/String;II)Ljava/util/List;" line="116"><counter type="INSTRUCTION" missed="7" covered="0"/><counter type="LINE" missed="1" covered="0"/><counter type="COMPLEXITY" missed="1" covered="0"/><counter type="METHOD" missed="1" covered="0"/></method><method name="surveyPaginationPublishStatusSortByDESC" desc="(Ljava/lang/String;II)Ljava/util/List;" line="121"><counter type="INSTRUCTION" missed="7" covered="0"/><counter type="LINE" missed="1" covered="0"/><counter type="COMPLEXITY" missed="1" covered="0"/><counter type="METHOD" missed="1" covered="0"/></method><method name="surveyPaginationPublishStatusSortByDateASC" desc="(Ljava/lang/String;II)Ljava/util/List;" line="126"><counter type="INSTRUCTION" missed="7" covered="0"/><counter type="LINE" missed="1" covered="0"/><counter type="COMPLEXITY" missed="1" covered="0"/><counter type="METHOD" missed="1" covered="0"/></method><method name="surveyPaginationPublishStatusSortByDateDESC" desc="(Ljava/lang/String;II)Ljava/util/List;" line="131"><counter type="INSTRUCTION" missed="7" covered="0"/><counter type="LINE" missed="1" covered="0"/><counter type="COMPLEXITY" missed="1" covered="0"/><counter type="METHOD" missed="1" covered="0"/></method><method name="surveyPaginationSortByDesc" desc="(Ljava/lang/String;II)Ljava/util/List;" line="135"><counter type="INSTRUCTION" missed="7" covered="0"/><counter type="LINE" missed="1" covered="0"/><counter type="COMPLEXITY" missed="1" covered="0"/><counter type="METHOD" missed="1" covered="0"/></method><method name="surveyPaginationSortByAsc" desc="(Ljava/lang/String;II)Ljava/util/List;" line="139"><counter type="INSTRUCTION" missed="7" covered="0"/><counter type="LINE" missed="1" covered="0"/><counter type="COMPLEXITY" missed="1" covered="0"/><counter type="METHOD" missed="1" covered="0"/></method><method name="surveyPaginationSortByLastModifiedDesc" desc="(Ljava/lang/String;II)Ljava/util/List;" line="144"><counter type="INSTRUCTION" missed="7" covered="0"/><counter type="LINE" missed="1" covered="0"/><counter type="COMPLEXITY" missed="1" covered="0"/><counter type="METHOD" missed="1" covered="0"/></method><method name="surveyPaginationSortByLastModifiedAsc" desc="(Ljava/lang/String;II)Ljava/util/List;" line="149"><counter type="INSTRUCTION" missed="7" covered="0"/><counter type="LINE" missed="1" covered="0"/><counter type="COMPLEXITY" missed="1" covered="0"/><counter type="METHOD" missed="1" covered="0"/></method><method name="surveyPaginationAssign" desc="(Ljava/lang/String;II)Ljava/util/List;" line="153"><counter type="INSTRUCTION" missed="7" covered="0"/><counter type="LINE" missed="1" covered="0"/><counter type="COMPLEXITY" missed="1" covered="0"/><counter type="METHOD" missed="1" covered="0"/></method><method name="surveyPaginationAssignPrivateStatus" desc="(Ljava/lang/String;II)Ljava/util/List;" line="158"><counter type="INSTRUCTION" missed="7" covered="0"/><counter type="LINE" missed="1" covered="0"/><counter type="COMPLEXITY" missed="1" covered="0"/><counter type="METHOD" missed="1" covered="0"/></method><method name="surveyPaginationAssignPublicStatus" desc="(Ljava/lang/String;II)Ljava/util/List;" line="163"><counter type="INSTRUCTION" missed="7" covered="0"/><counter type="LINE" missed="1" covered="0"/><counter type="COMPLEXITY" missed="1" covered="0"/><counter type="METHOD" missed="1" covered="0"/></method><method name="surveyPaginationAssignAnswered" desc="(Ljava/lang/String;II)Ljava/util/List;" line="168"><counter type="INSTRUCTION" missed="7" covered="0"/><counter type="LINE" missed="1" covered="0"/><counter type="COMPLEXITY" missed="1" covered="0"/><counter type="METHOD" missed="1" covered="0"/></method><method name="surveyPaginationAssignDismiss" desc="(Ljava/lang/String;II)Ljava/util/List;" line="173"><counter type="INSTRUCTION" missed="7" covered="0"/><counter type="LINE" missed="1" covered="0"/><counter type="COMPLEXITY" missed="1" covered="0"/><counter type="METHOD" missed="1" covered="0"/></method><method name="surveyPAginationAssignSortASC" desc="(Ljava/lang/String;II)Ljava/util/List;" line="178"><counter type="INSTRUCTION" missed="7" covered="0"/><counter type="LINE" missed="1" covered="0"/><counter type="COMPLEXITY" missed="1" covered="0"/><counter type="METHOD" missed="1" covered="0"/></method><method name="surveyPaginationAssignSortDESC" desc="(Ljava/lang/String;II)Ljava/util/List;" line="184"><counter type="INSTRUCTION" missed="7" covered="0"/><counter type="LINE" missed="1" covered="0"/><counter type="COMPLEXITY" missed="1" covered="0"/><counter type="METHOD" missed="1" covered="0"/></method><method name="surveyPaginationAssignSortTimeASC" desc="(Ljava/lang/String;II)Ljava/util/List;" line="189"><counter type="INSTRUCTION" missed="7" covered="0"/><counter type="LINE" missed="1" covered="0"/><counter type="COMPLEXITY" missed="1" covered="0"/><counter type="METHOD" missed="1" covered="0"/></method><method name="surveyPaginationAssignSortTimeDESC" desc="(Ljava/lang/String;II)Ljava/util/List;" line="194"><counter type="INSTRUCTION" missed="7" covered="0"/><counter type="LINE" missed="1" covered="0"/><counter type="COMPLEXITY" missed="1" covered="0"/><counter type="METHOD" missed="1" covered="0"/></method><method name="loadUserId" desc="(ILjava/lang/String;)Ljava/lang/String;" line="198"><counter type="INSTRUCTION" missed="6" covered="0"/><counter type="LINE" missed="1" covered="0"/><counter type="COMPLEXITY" missed="1" covered="0"/><counter type="METHOD" missed="1" covered="0"/></method><method name="loadSubmitStatus" desc="(ILjava/lang/String;)Ljava/lang/Boolean;" line="202"><counter type="INSTRUCTION" missed="6" covered="0"/><counter type="LINE" missed="1" covered="0"/><counter type="COMPLEXITY" missed="1" covered="0"/><counter type="METHOD" missed="1" covered="0"/></method><method name="checkResponse" desc="(I)Ljava/lang/Boolean;" line="206"><counter type="INSTRUCTION" missed="0" covered="5"/><counter type="LINE" missed="0" covered="1"/><counter type="COMPLEXITY" missed="0" covered="1"/><counter type="METHOD" missed="0" covered="1"/></method><method name="deleteSurveyById" desc="(I)V" line="210"><counter type="INSTRUCTION" missed="5" covered="0"/><counter type="LINE" missed="2" covered="0"/><counter type="COMPLEXITY" missed="1" covered="0"/><counter type="METHOD" missed="1" covered="0"/></method><method name="deleteSurvey" desc="()V" line="214"><counter type="INSTRUCTION" missed="4" covered="0"/><counter type="LINE" missed="2" covered="0"/><counter type="COMPLEXITY" missed="1" covered="0"/><counter type="METHOD" missed="1" covered="0"/></method><method name="totalCount" desc="(Ljava/lang/String;)I" line="226"><counter type="INSTRUCTION" missed="5" covered="0"/><counter type="LINE" missed="1" covered="0"/><counter type="COMPLEXITY" missed="1" covered="0"/><counter type="METHOD" missed="1" covered="0"/></method><method name="totalCountSaveStatus" desc="(Ljava/lang/String;)I" line="230"><counter type="INSTRUCTION" missed="5" covered="0"/><counter type="LINE" missed="1" covered="0"/><counter type="COMPLEXITY" missed="1" covered="0"/><counter type="METHOD" missed="1" covered="0"/></method><method name="totalCountPublishStatus" desc="(Ljava/lang/String;)I" line="234"><counter type="INSTRUCTION" missed="5" covered="0"/><counter type="LINE" missed="1" covered="0"/><counter type="COMPLEXITY" missed="1" covered="0"/><counter type="METHOD" missed="1" covered="0"/></method><method name="totalCountAssign" desc="(Ljava/lang/String;)I" line="238"><counter type="INSTRUCTION" missed="5" covered="0"/><counter type="LINE" missed="1" covered="0"/><counter type="COMPLEXITY" missed="1" covered="0"/><counter type="METHOD" missed="1" covered="0"/></method><method name="totalCountAssignAnsweredStatus" desc="(Ljava/lang/String;)I" line="242"><counter type="INSTRUCTION" missed="5" covered="0"/><counter type="LINE" missed="1" covered="0"/><counter type="COMPLEXITY" missed="1" covered="0"/><counter type="METHOD" missed="1" covered="0"/></method><method name="totalCoutnAssignPrivateStatus" desc="(Ljava/lang/String;)I" line="246"><counter type="INSTRUCTION" missed="5" covered="0"/><counter type="LINE" missed="1" covered="0"/><counter type="COMPLEXITY" missed="1" covered="0"/><counter type="METHOD" missed="1" covered="0"/></method><method name="totalCountAssignPublicStatus" desc="(Ljava/lang/String;)I" line="250"><counter type="INSTRUCTION" missed="5" covered="0"/><counter type="LINE" missed="1" covered="0"/><counter type="COMPLEXITY" missed="1" covered="0"/><counter type="METHOD" missed="1" covered="0"/></method><method name="totaCountAssignDismissStatus" desc="(Ljava/lang/String;)I" line="255"><counter type="INSTRUCTION" missed="5" covered="0"/><counter type="LINE" missed="1" covered="0"/><counter type="COMPLEXITY" missed="1" covered="0"/><counter type="METHOD" missed="1" covered="0"/></method><method name="checkIdSurvey" desc="(I)Ljava/lang/Boolean;" line="259"><counter type="INSTRUCTION" missed="0" covered="5"/><counter type="LINE" missed="0" covered="1"/><counter type="COMPLEXITY" missed="0" covered="1"/><counter type="METHOD" missed="0" covered="1"/></method><method name="insertResponse" desc="(Lcom/emerio/surveysystem/model/Response;Ljava/util/List;)V" line="263"><counter type="INSTRUCTION" missed="0" covered="6"/><counter type="LINE" missed="0" covered="2"/><counter type="COMPLEXITY" missed="0" covered="1"/><counter type="METHOD" missed="0" covered="1"/></method><method name="cloneSurvey" desc="(I)Lcom/emerio/surveysystem/model/Survey;" line="268"><counter type="INSTRUCTION" missed="18" covered="0"/><counter type="LINE" missed="5" covered="0"/><counter type="COMPLEXITY" missed="1" covered="0"/><counter type="METHOD" missed="1" covered="0"/></method><method name="detailView" desc="(II)Lorg/bson/Document;" line="279"><counter type="INSTRUCTION" missed="66" covered="0"/><counter type="BRANCH" missed="4" covered="0"/><counter type="LINE" missed="12" covered="0"/><counter type="COMPLEXITY" missed="3" covered="0"/><counter type="METHOD" missed="1" covered="0"/></method><method name="detailResondedSurvey" desc="(Lcom/emerio/surveysystem/model/Survey;Ljava/lang/String;)Lorg/bson/Document;" line="295"><counter type="INSTRUCTION" missed="245" covered="0"/><counter type="BRANCH" missed="8" covered="0"/><counter type="LINE" missed="46" covered="0"/><counter type="COMPLEXITY" missed="5" covered="0"/><counter type="METHOD" missed="1" covered="0"/></method><method name="getUsernameByIdUser" desc="(Ljava/lang/String;)Ljava/lang/String;" line="352"><counter type="INSTRUCTION" missed="5" covered="0"/><counter type="LINE" missed="1" covered="0"/><counter type="COMPLEXITY" missed="1" covered="0"/><counter type="METHOD" missed="1" covered="0"/></method><method name="getUsersResponseHigView" desc="(II)Lorg/bson/Document;" line="356"><counter type="INSTRUCTION" missed="217" covered="0"/><counter type="BRANCH" missed="6" covered="0"/><counter type="LINE" missed="39" covered="0"/><counter type="COMPLEXITY" missed="4" covered="0"/><counter type="METHOD" missed="1" covered="0"/></method><method name="assignSurvey" desc="(Lorg/bson/Document;)V" line="407"><counter type="INSTRUCTION" missed="0" covered="154"/><counter type="BRANCH" missed="1" covered="7"/><counter type="LINE" missed="0" covered="35"/><counter type="COMPLEXITY" missed="1" covered="4"/><counter type="METHOD" missed="0" covered="1"/></method><method name="updateResponse" desc="(Lorg/bson/Document;)V" line="454"><counter type="INSTRUCTION" missed="247" covered="0"/><counter type="BRANCH" missed="12" covered="0"/><counter type="LINE" missed="54" covered="0"/><counter type="COMPLEXITY" missed="7" covered="0"/><counter type="METHOD" missed="1" covered="0"/></method><method name="responseDashboardPagination" desc="(ILjava/util/List;I)Ljava/util/Map;" line="529"><counter type="INSTRUCTION" missed="39" covered="0"/><counter type="BRANCH" missed="4" covered="0"/><counter type="LINE" missed="10" covered="0"/><counter type="COMPLEXITY" missed="3" covered="0"/><counter type="METHOD" missed="1" covered="0"/></method><method name="responseDashboardPaginationAssign" desc="(ILjava/util/List;I)Ljava/util/Map;" line="551"><counter type="INSTRUCTION" missed="39" covered="0"/><counter type="BRANCH" missed="4" covered="0"/><counter type="LINE" missed="10" covered="0"/><counter type="COMPLEXITY" missed="3" covered="0"/><counter type="METHOD" missed="1" covered="0"/></method><counter type="INSTRUCTION" missed="1153" covered="201"/><counter type="BRANCH" missed="39" covered="7"/><counter type="LINE" missed="222" covered="49"/><counter type="COMPLEXITY" missed="71" covered="14"/><counter type="METHOD" missed="51" covered="11"/><counter type="CLASS" missed="0" covered="1"/></class><class name="com/emerio/surveysystem/service/SurveyViewRowMapper"><method name="&lt;init&gt;" desc="()V" line="10"><counter type="INSTRUCTION" missed="3" covered="0"/><counter type="LINE" missed="1" covered="0"/><counter type="COMPLEXITY" missed="1" covered="0"/><counter type="METHOD" missed="1" covered="0"/></method><method name="mapRow" desc="(Ljava/sql/ResultSet;I)Lcom/emerio/surveysystem/model/SurveyView;" line="14"><counter type="INSTRUCTION" missed="11" covered="0"/><counter type="LINE" missed="3" covered="0"/><counter type="COMPLEXITY" missed="1" covered="0"/><counter type="METHOD" missed="1" covered="0"/></method><counter type="INSTRUCTION" missed="14" covered="0"/><counter type="LINE" missed="4" covered="0"/><counter type="COMPLEXITY" missed="2" covered="0"/><counter type="METHOD" missed="2" covered="0"/><counter type="CLASS" missed="1" covered="0"/></class><sourcefile name="SurveyViewRowMapper.java"><line nr="10" mi="3" ci="0" mb="0" cb="0"/><line nr="14" mi="4" ci="0" mb="0" cb="0"/><line nr="15" mi="5" ci="0" mb="0" cb="0"/><line nr="16" mi="2" ci="0" mb="0" cb="0"/><counter type="INSTRUCTION" missed="14" covered="0"/><counter type="LINE" missed="4" covered="0"/><counter type="COMPLEXITY" missed="2" covered="0"/><counter type="METHOD" missed="2" covered="0"/><counter type="CLASS" missed="1" covered="0"/></sourcefile><sourcefile name="FileService.java"><line nr="20" mi="0" ci="3" mb="0" cb="0"/><line nr="50" mi="11" ci="0" mb="0" cb="0"/><line nr="51" mi="1" ci="0" mb="0" cb="0"/><line nr="52" mi="2" ci="0" mb="0" cb="0"/><line nr="53" mi="1" ci="0" mb="0" cb="0"/><line nr="54" mi="2" ci="0" mb="0" cb="0"/><line nr="55" mi="2" ci="0" mb="0" cb="0"/><line nr="56" mi="6" ci="0" mb="0" cb="0"/><line nr="57" mi="1" ci="0" mb="0" cb="0"/><line nr="61" mi="2" ci="0" mb="0" cb="0"/><line nr="63" mi="2" ci="0" mb="0" cb="0"/><line nr="69" mi="11" ci="0" mb="0" cb="0"/><line nr="70" mi="1" ci="0" mb="0" cb="0"/><line nr="71" mi="2" ci="0" mb="0" cb="0"/><line nr="72" mi="1" ci="0" mb="0" cb="0"/><line nr="73" mi="2" ci="0" mb="0" cb="0"/><line nr="74" mi="2" ci="0" mb="0" cb="0"/><line nr="76" mi="6" ci="0" mb="0" cb="0"/><line nr="78" mi="11" ci="0" mb="0" cb="0"/><line nr="80" mi="2" ci="0" mb="0" cb="0"/><line nr="82" mi="2" ci="0" mb="0" cb="0"/><line nr="83" mi="3" ci="0" mb="2" cb="0"/><line nr="85" mi="18" ci="0" mb="0" cb="0"/><line nr="87" mi="2" ci="0" mb="0" cb="0"/><line nr="90" mi="13" ci="0" mb="0" cb="0"/><line nr="93" mi="1" ci="0" mb="0" cb="0"/><line nr="94" mi="2" ci="0" mb="0" cb="0"/><line nr="95" mi="1" ci="0" mb="0" cb="0"/><line nr="96" mi="2" ci="0" mb="0" cb="0"/><line nr="97" mi="1" ci="0" mb="0" cb="0"/><line nr="98" mi="2" ci="0" mb="0" cb="0"/><line nr="99" mi="1" ci="0" mb="0" cb="0"/><line nr="100" mi="2" ci="0" mb="0" cb="0"/><line nr="101" mi="1" ci="0" mb="0" cb="0"/><line nr="102" mi="2" ci="0" mb="0" cb="0"/><line nr="103" mi="1" ci="0" mb="0" cb="0"/><line nr="104" mi="2" ci="0" mb="0" cb="0"/><line nr="105" mi="1" ci="0" mb="0" cb="0"/><line nr="106" mi="2" ci="0" mb="0" cb="0"/><line nr="107" mi="1" ci="0" mb="0" cb="0"/><line nr="108" mi="2" ci="0" mb="0" cb="0"/><line nr="109" mi="1" ci="0" mb="0" cb="0"/><line nr="110" mi="2" ci="0" mb="0" cb="0"/><line nr="111" mi="1" ci="0" mb="0" cb="0"/><line nr="112" mi="2" ci="0" mb="0" cb="0"/><line nr="113" mi="1" ci="0" mb="0" cb="0"/><line nr="114" mi="2" ci="0" mb="0" cb="0"/><line nr="115" mi="11" ci="0" mb="0" cb="0"/><line nr="116" mi="1" ci="0" mb="0" cb="0"/><counter type="INSTRUCTION" missed="151" covered="3"/><counter type="BRANCH" missed="2" covered="0"/><counter type="LINE" missed="48" covered="1"/><counter type="COMPLEXITY" missed="3" covered="1"/><counter type="METHOD" missed="2" covered="1"/><counter type="CLASS" missed="0" covered="1"/></sourcefile><sourcefile name="SurveyService.java"><line nr="20" mi="0" ci="3" mb="0" cb="0"/><line nr="29" mi="0" ci="4" mb="0" cb="0"/><line nr="30" mi="0" ci="1" mb="0" cb="0"/><line nr="33" mi="0" ci="4" mb="0" cb="0"/><line nr="34" mi="0" ci="1" mb="0" cb="0"/><line nr="37" mi="0" ci="4" mb="0" cb="0"/><line nr="41" mi="0" ci="5" mb="0" cb="0"/><line nr="45" mi="0" ci="4" mb="0" cb="0"/><line nr="47" mi="0" ci="1" mb="0" cb="0"/><line nr="50" mi="0" ci="4" mb="0" cb="0"/><line nr="54" mi="5" ci="0" mb="0" cb="0"/><line nr="58" mi="7" ci="0" mb="0" cb="0"/><line nr="62" mi="7" ci="0" mb="0" cb="0"/><line nr="66" mi="5" ci="0" mb="0" cb="0"/><line nr="71" mi="8" ci="0" mb="0" cb="0"/><line nr="75" mi="8" ci="0" mb="0" cb="0"/><line nr="79" mi="8" ci="0" mb="0" cb="0"/><line nr="83" mi="7" ci="0" mb="0" cb="0"/><line nr="87" mi="7" ci="0" mb="0" cb="0"/><line nr="92" mi="7" ci="0" mb="0" cb="0"/><line nr="97" mi="7" ci="0" mb="0" cb="0"/><line nr="102" mi="7" ci="0" mb="0" cb="0"/><line nr="107" mi="7" ci="0" mb="0" cb="0"/><line nr="111" mi="7" ci="0" mb="0" cb="0"/><line nr="116" mi="7" ci="0" mb="0" cb="0"/><line nr="121" mi="7" ci="0" mb="0" cb="0"/><line nr="126" mi="7" ci="0" mb="0" cb="0"/><line nr="131" mi="7" ci="0" mb="0" cb="0"/><line nr="135" mi="7" ci="0" mb="0" cb="0"/><line nr="139" mi="7" ci="0" mb="0" cb="0"/><line nr="144" mi="7" ci="0" mb="0" cb="0"/><line nr="149" mi="7" ci="0" mb="0" cb="0"/><line nr="153" mi="7" ci="0" mb="0" cb="0"/><line nr="158" mi="7" ci="0" mb="0" cb="0"/><line nr="163" mi="7" ci="0" mb="0" cb="0"/><line nr="168" mi="7" ci="0" mb="0" cb="0"/><line nr="173" mi="7" ci="0" mb="0" cb="0"/><line nr="178" mi="7" ci="0" mb="0" cb="0"/><line nr="184" mi="7" ci="0" mb="0" cb="0"/><line nr="189" mi="7" ci="0" mb="0" cb="0"/><line nr="194" mi="7" ci="0" mb="0" cb="0"/><line nr="198" mi="6" ci="0" mb="0" cb="0"/><line nr="202" mi="6" ci="0" mb="0" cb="0"/><line nr="206" mi="0" ci="5" mb="0" cb="0"/><line nr="210" mi="4" ci="0" mb="0" cb="0"/><line nr="211" mi="1" ci="0" mb="0" cb="0"/><line nr="214" mi="3" ci="0" mb="0" cb="0"/><line nr="215" mi="1" ci="0" mb="0" cb="0"/><line nr="226" mi="5" ci="0" mb="0" cb="0"/><line nr="230" mi="5" ci="0" mb="0" cb="0"/><line nr="234" mi="5" ci="0" mb="0" cb="0"/><line nr="238" mi="5" ci="0" mb="0" cb="0"/><line nr="242" mi="5" ci="0" mb="0" cb="0"/><line nr="246" mi="5" ci="0" mb="0" cb="0"/><line nr="250" mi="5" ci="0" mb="0" cb="0"/><line nr="255" mi="5" ci="0" mb="0" cb="0"/><line nr="259" mi="0" ci="5" mb="0" cb="0"/><line nr="263" mi="0" ci="5" mb="0" cb="0"/><line nr="264" mi="0" ci="1" mb="0" cb="0"/><line nr="268" mi="5" ci="0" mb="0" cb="0"/><line nr="269" mi="4" ci="0" mb="0" cb="0"/><line nr="270" mi="3" ci="0" mb="0" cb="0"/><line nr="271" mi="4" ci="0" mb="0" cb="0"/><line nr="273" mi="2" ci="0" mb="0" cb="0"/><line nr="279" mi="5" ci="0" mb="0" cb="0"/><line nr="280" mi="6" ci="0" mb="0" cb="0"/><line nr="281" mi="4" ci="0" mb="0" cb="0"/><line nr="282" mi="11" ci="0" mb="2" cb="0"/><line nr="283" mi="11" ci="0" mb="2" cb="0"/><line nr="284" mi="10" ci="0" mb="0" cb="0"/><line nr="285" mi="4" ci="0" mb="0" cb="0"/><line nr="286" mi="4" ci="0" mb="0" cb="0"/><line nr="287" mi="4" ci="0" mb="0" cb="0"/><line nr="288" mi="1" ci="0" mb="0" cb="0"/><line nr="289" mi="1" ci="0" mb="0" cb="0"/><line nr="291" mi="5" ci="0" mb="0" cb="0"/><line nr="295" mi="4" ci="0" mb="0" cb="0"/><line nr="298" mi="4" ci="0" mb="0" cb="0"/><line nr="299" mi="7" ci="0" mb="0" cb="0"/><line nr="300" mi="5" ci="0" mb="0" cb="0"/><line nr="301" mi="6" ci="0" mb="0" cb="0"/><line nr="302" mi="6" ci="0" mb="0" cb="0"/><line nr="303" mi="6" ci="0" mb="0" cb="0"/><line nr="304" mi="6" ci="0" mb="0" cb="0"/><line nr="305" mi="6" ci="0" mb="0" cb="0"/><line nr="307" mi="11" ci="0" mb="2" cb="0"/><line nr="308" mi="4" ci="0" mb="0" cb="0"/><line nr="309" mi="7" ci="0" mb="0" cb="0"/><line nr="310" mi="6" ci="0" mb="0" cb="0"/><line nr="311" mi="6" ci="0" mb="0" cb="0"/><line nr="313" mi="4" ci="0" mb="0" cb="0"/><line nr="315" mi="11" ci="0" mb="2" cb="0"/><line nr="316" mi="4" ci="0" mb="0" cb="0"/><line nr="317" mi="7" ci="0" mb="0" cb="0"/><line nr="318" mi="6" ci="0" mb="0" cb="0"/><line nr="319" mi="6" ci="0" mb="0" cb="0"/><line nr="320" mi="6" ci="0" mb="0" cb="0"/><line nr="321" mi="6" ci="0" mb="0" cb="0"/><line nr="322" mi="6" ci="0" mb="0" cb="0"/><line nr="323" mi="6" ci="0" mb="0" cb="0"/><line nr="324" mi="3" ci="0" mb="2" cb="0"/><line nr="325" mi="8" ci="0" mb="0" cb="0"/><line nr="326" mi="5" ci="0" mb="0" cb="0"/><line nr="327" mi="1" ci="0" mb="0" cb="0"/><line nr="328" mi="5" ci="0" mb="0" cb="0"/><line nr="331" mi="4" ci="0" mb="0" cb="0"/><line nr="333" mi="11" ci="0" mb="2" cb="0"/><line nr="334" mi="4" ci="0" mb="0" cb="0"/><line nr="335" mi="7" ci="0" mb="0" cb="0"/><line nr="336" mi="6" ci="0" mb="0" cb="0"/><line nr="337" mi="7" ci="0" mb="0" cb="0"/><line nr="338" mi="6" ci="0" mb="0" cb="0"/><line nr="339" mi="4" ci="0" mb="0" cb="0"/><line nr="340" mi="1" ci="0" mb="0" cb="0"/><line nr="341" mi="5" ci="0" mb="0" cb="0"/><line nr="342" mi="4" ci="0" mb="0" cb="0"/><line nr="343" mi="1" ci="0" mb="0" cb="0"/><line nr="344" mi="5" ci="0" mb="0" cb="0"/><line nr="345" mi="4" ci="0" mb="0" cb="0"/><line nr="346" mi="1" ci="0" mb="0" cb="0"/><line nr="347" mi="5" ci="0" mb="0" cb="0"/><line nr="348" mi="2" ci="0" mb="0" cb="0"/><line nr="352" mi="5" ci="0" mb="0" cb="0"/><line nr="356" mi="4" ci="0" mb="0" cb="0"/><line nr="357" mi="5" ci="0" mb="0" cb="0"/><line nr="358" mi="5" ci="0" mb="2" cb="0"/><line nr="360" mi="6" ci="0" mb="0" cb="0"/><line nr="361" mi="9" ci="0" mb="0" cb="0"/><line nr="362" mi="10" ci="0" mb="0" cb="0"/><line nr="363" mi="6" ci="0" mb="0" cb="0"/><line nr="364" mi="6" ci="0" mb="0" cb="0"/><line nr="365" mi="6" ci="0" mb="0" cb="0"/><line nr="366" mi="6" ci="0" mb="0" cb="0"/><line nr="367" mi="6" ci="0" mb="0" cb="0"/><line nr="368" mi="5" ci="0" mb="0" cb="0"/><line nr="369" mi="2" ci="0" mb="0" cb="0"/><line nr="371" mi="6" ci="0" mb="0" cb="0"/><line nr="372" mi="4" ci="0" mb="0" cb="0"/><line nr="373" mi="10" ci="0" mb="2" cb="0"/><line nr="374" mi="4" ci="0" mb="0" cb="0"/><line nr="375" mi="10" ci="0" mb="0" cb="0"/><line nr="376" mi="4" ci="0" mb="0" cb="0"/><line nr="377" mi="5" ci="0" mb="0" cb="0"/><line nr="378" mi="6" ci="0" mb="0" cb="0"/><line nr="379" mi="4" ci="0" mb="0" cb="0"/><line nr="382" mi="1" ci="0" mb="0" cb="0"/><line nr="384" mi="6" ci="0" mb="0" cb="0"/><line nr="385" mi="5" ci="0" mb="0" cb="0"/><line nr="386" mi="2" ci="0" mb="0" cb="0"/><line nr="387" mi="4" ci="0" mb="2" cb="0"/><line nr="388" mi="5" ci="0" mb="0" cb="0"/><line nr="390" mi="6" ci="0" mb="0" cb="0"/><line nr="393" mi="6" ci="0" mb="0" cb="0"/><line nr="394" mi="6" ci="0" mb="0" cb="0"/><line nr="395" mi="10" ci="0" mb="0" cb="0"/><line nr="396" mi="6" ci="0" mb="0" cb="0"/><line nr="397" mi="6" ci="0" mb="0" cb="0"/><line nr="398" mi="6" ci="0" mb="0" cb="0"/><line nr="399" mi="6" ci="0" mb="0" cb="0"/><line nr="400" mi="6" ci="0" mb="0" cb="0"/><line nr="401" mi="5" ci="0" mb="0" cb="0"/><line nr="402" mi="2" ci="0" mb="0" cb="0"/><line nr="407" mi="0" ci="5" mb="0" cb="0"/><line nr="408" mi="0" ci="5" mb="0" cb="0"/><line nr="410" mi="0" ci="5" mb="0" cb="0"/><line nr="411" mi="0" ci="4" mb="0" cb="0"/><line nr="413" mi="0" ci="5" mb="0" cb="0"/><line nr="414" mi="0" ci="4" mb="0" cb="0"/><line nr="415" mi="0" ci="5" mb="0" cb="0"/><line nr="417" mi="0" ci="4" mb="0" cb="0"/><line nr="419" mi="0" ci="5" mb="1" cb="1"/><line nr="420" mi="0" ci="4" mb="0" cb="0"/><line nr="422" mi="0" ci="11" mb="0" cb="2"/><line nr="423" mi="0" ci="4" mb="0" cb="0"/><line nr="424" mi="0" ci="11" mb="0" cb="2"/><line nr="425" mi="0" ci="4" mb="0" cb="0"/><line nr="427" mi="0" ci="4" mb="0" cb="0"/><line nr="429" mi="0" ci="4" mb="0" cb="0"/><line nr="430" mi="0" ci="4" mb="0" cb="0"/><line nr="431" mi="0" ci="4" mb="0" cb="0"/><line nr="432" mi="0" ci="4" mb="0" cb="0"/><line nr="433" mi="0" ci="11" mb="0" cb="2"/><line nr="434" mi="0" ci="4" mb="0" cb="0"/><line nr="435" mi="0" ci="4" mb="0" cb="0"/><line nr="436" mi="0" ci="4" mb="0" cb="0"/><line nr="437" mi="0" ci="4" mb="0" cb="0"/><line nr="438" mi="0" ci="4" mb="0" cb="0"/><line nr="439" mi="0" ci="4" mb="0" cb="0"/><line nr="440" mi="0" ci="1" mb="0" cb="0"/><line nr="441" mi="0" ci="4" mb="0" cb="0"/><line nr="442" mi="0" ci="4" mb="0" cb="0"/><line nr="443" mi="0" ci="3" mb="0" cb="0"/><line nr="444" mi="0" ci="4" mb="0" cb="0"/><line nr="446" mi="0" ci="4" mb="0" cb="0"/><line nr="447" mi="0" ci="1" mb="0" cb="0"/><line nr="448" mi="0" ci="1" mb="0" cb="0"/><line nr="450" mi="0" ci="1" mb="0" cb="0"/><line nr="454" mi="4" ci="0" mb="0" cb="0"/><line nr="455" mi="5" ci="0" mb="0" cb="0"/><line nr="456" mi="4" ci="0" mb="0" cb="0"/><line nr="457" mi="5" ci="0" mb="0" cb="0"/><line nr="458" mi="4" ci="0" mb="0" cb="0"/><line nr="459" mi="12" ci="0" mb="0" cb="0"/><line nr="460" mi="2" ci="0" mb="0" cb="0"/><line nr="461" mi="9" ci="0" mb="2" cb="0"/><line nr="462" mi="4" ci="0" mb="0" cb="0"/><line nr="464" mi="3" ci="0" mb="0" cb="0"/><line nr="465" mi="4" ci="0" mb="0" cb="0"/><line nr="467" mi="6" ci="0" mb="0" cb="0"/><line nr="468" mi="6" ci="0" mb="0" cb="0"/><line nr="469" mi="6" ci="0" mb="0" cb="0"/><line nr="470" mi="5" ci="0" mb="0" cb="0"/><line nr="472" mi="6" ci="0" mb="2" cb="0"/><line nr="473" mi="5" ci="0" mb="0" cb="0"/><line nr="474" mi="4" ci="0" mb="0" cb="0"/><line nr="475" mi="10" ci="0" mb="2" cb="0"/><line nr="476" mi="4" ci="0" mb="0" cb="0"/><line nr="477" mi="6" ci="0" mb="0" cb="0"/><line nr="478" mi="5" ci="0" mb="0" cb="0"/><line nr="479" mi="6" ci="0" mb="0" cb="0"/><line nr="480" mi="5" ci="0" mb="0" cb="0"/><line nr="481" mi="4" ci="0" mb="0" cb="0"/><line nr="483" mi="1" ci="0" mb="0" cb="0"/><line nr="484" mi="5" ci="0" mb="0" cb="0"/><line nr="485" mi="3" ci="0" mb="0" cb="0"/><line nr="486" mi="5" ci="0" mb="0" cb="0"/><line nr="487" mi="4" ci="0" mb="0" cb="0"/><line nr="489" mi="1" ci="0" mb="0" cb="0"/><line nr="490" mi="4" ci="0" mb="0" cb="0"/><line nr="491" mi
[...]
/><line nr="1502" mi="9" ci="0" mb="0" cb="0"/><line nr="1503" mi="4" ci="0" mb="0" cb="0"/><line nr="1504" mi="9" ci="0" mb="0" cb="0"/><line nr="1505" mi="9" ci="0" mb="0" cb="0"/><line nr="1506" mi="1" ci="0" mb="0" cb="0"/><line nr="1509" mi="4" ci="0" mb="0" cb="0"/><line nr="1514" mi="1" ci="0" mb="0" cb="0"/><line nr="1517" mi="2" ci="0" mb="0" cb="0"/><line nr="1519" mi="19" ci="0" mb="0" cb="0"/><line nr="1520" mi="3" ci="0" mb="2" cb="0"/><line nr="1521" mi="5" ci="0" mb="0" cb="0"/><line nr="1523" mi="2" ci="0" mb="0" cb="0"/><line nr="1529" mi="2" ci="0" mb="0" cb="0"/><line nr="1531" mi="12" ci="0" mb="0" cb="0"/><line nr="1533" mi="6" ci="0" mb="0" cb="0"/><line nr="1535" mi="1" ci="0" mb="0" cb="0"/><line nr="1538" mi="2" ci="0" mb="0" cb="0"/><line nr="1539" mi="4" ci="0" mb="0" cb="0"/><line nr="1540" mi="12" ci="0" mb="0" cb="0"/><line nr="1542" mi="4" ci="0" mb="0" cb="0"/><line nr="1543" mi="5" ci="0" mb="0" cb="0"/><line nr="1544" mi="3" ci="0" mb="2" cb="0"/><line nr="1546" mi="4" ci="0" mb="0" cb="0"/><line nr="1547" mi="4" ci="0" mb="0" cb="0"/><line nr="1549" mi="4" ci="0" mb="0" cb="0"/><line nr="1550" mi="6" ci="0" mb="0" cb="0"/><line nr="1551" mi="5" ci="0" mb="0" cb="0"/><line nr="1552" mi="4" ci="0" mb="0" cb="0"/><line nr="1554" mi="1" ci="0" mb="0" cb="0"/><line nr="1555" mi="1" ci="0" mb="0" cb="0"/><line nr="1556" mi="5" ci="0" mb="0" cb="0"/><line nr="1557" mi="1" ci="0" mb="0" cb="0"/><line nr="1558" mi="1" ci="0" mb="0" cb="0"/><line nr="1559" mi="5" ci="0" mb="0" cb="0"/><line nr="1560" mi="1" ci="0" mb="0" cb="0"/><line nr="1561" mi="2" ci="0" mb="0" cb="0"/><line nr="1565" mi="2" ci="0" mb="0" cb="0"/><line nr="1566" mi="15" ci="0" mb="0" cb="0"/><line nr="1570" mi="2" ci="0" mb="0" cb="0"/><line nr="1572" mi="4" ci="0" mb="0" cb="0"/><line nr="1573" mi="12" ci="0" mb="0" cb="0"/><line nr="1575" mi="6" ci="0" mb="0" cb="0"/><line nr="1576" mi="4" ci="0" mb="0" cb="0"/><line nr="1577" mi="4" ci="0" mb="0" cb="0"/><line nr="1578" mi="4" ci="0" mb="0" cb="0"/><line nr="1579" mi="5" ci="0" mb="0" cb="0"/><line nr="1580" mi="3" ci="0" mb="2" cb="0"/><line nr="1582" mi="4" ci="0" mb="0" cb="0"/><line nr="1584" mi="4" ci="0" mb="0" cb="0"/><line nr="1586" mi="1" ci="0" mb="0" cb="0"/><line nr="1587" mi="1" ci="0" mb="0" cb="0"/><line nr="1588" mi="5" ci="0" mb="0" cb="0"/><line nr="1589" mi="1" ci="0" mb="0" cb="0"/><line nr="1590" mi="1" ci="0" mb="0" cb="0"/><line nr="1591" mi="5" ci="0" mb="0" cb="0"/><line nr="1592" mi="1" ci="0" mb="0" cb="0"/><line nr="1593" mi="2" ci="0" mb="0" cb="0"/><line nr="1597" mi="2" ci="0" mb="0" cb="0"/><line nr="1598" mi="12" ci="0" mb="0" cb="0"/><line nr="1600" mi="4" ci="0" mb="0" cb="0"/><line nr="1601" mi="4" ci="0" mb="0" cb="0"/><line nr="1602" mi="4" ci="0" mb="0" cb="0"/><line nr="1603" mi="3" ci="0" mb="0" cb="0"/><line nr="1604" mi="3" ci="0" mb="0" cb="0"/><line nr="1605" mi="6" ci="0" mb="0" cb="0"/><line nr="1613" mi="2" ci="0" mb="0" cb="0"/><line nr="1614" mi="20" ci="0" mb="0" cb="0"/><counter type="INSTRUCTION" missed="4268" covered="502"/><counter type="BRANCH" missed="73" covered="5"/><counter type="LINE" missed="902" covered="87"/><counter type="COMPLEXITY" missed="99" covered="25"/><counter type="METHOD" missed="61" covered="24"/><counter type="CLASS" missed="1" covered="5"/></sourcefile><sourcefile name="UserDao.java"><line nr="16" mi="0" ci="3" mb="0" cb="0"/><line nr="32" mi="4" ci="0" mb="0" cb="0"/><line nr="34" mi="4" ci="0" mb="0" cb="0"/><line nr="35" mi="4" ci="0" mb="0" cb="0"/><line nr="36" mi="4" ci="0" mb="0" cb="0"/><line nr="40" mi="5" ci="0" mb="0" cb="0"/><line nr="42" mi="2" ci="0" mb="0" cb="0"/><line nr="44" mi="5" ci="0" mb="0" cb="0"/><line nr="47" mi="4" ci="0" mb="0" cb="0"/><line nr="48" mi="5" ci="0" mb="0" cb="0"/><line nr="49" mi="5" ci="0" mb="0" cb="0"/><line nr="50" mi="5" ci="0" mb="0" cb="0"/><line nr="51" mi="2" ci="0" mb="0" cb="0"/><line nr="61" mi="4" ci="0" mb="0" cb="0"/><line nr="63" mi="4" ci="0" mb="0" cb="0"/><line nr="64" mi="4" ci="0" mb="0" cb="0"/><line nr="65" mi="4" ci="0" mb="0" cb="0"/><line nr="69" mi="5" ci="0" mb="0" cb="0"/><line nr="71" mi="2" ci="0" mb="0" cb="0"/><line nr="73" mi="12" ci="0" mb="0" cb="0"/><counter type="INSTRUCTION" missed="84" covered="3"/><counter type="LINE" missed="19" covered="1"/><counter type="COMPLEXITY" missed="3" covered="1"/><counter type="METHOD" missed="3" covered="1"/><counter type="CLASS" missed="0" covered="1"/></sourcefile><sourcefile name="Description.java"><line nr="3" mi="0" ci="3" mb="0" cb="0"/><line nr="9" mi="0" ci="3" mb="0" cb="0"/><line nr="13" mi="0" ci="3" mb="0" cb="0"/><line nr="14" mi="0" ci="1" mb="0" cb="0"/><line nr="17" mi="0" ci="3" mb="0" cb="0"/><line nr="21" mi="0" ci="3" mb="0" cb="0"/><line nr="22" mi="0" ci="1" mb="0" cb="0"/><counter type="INSTRUCTION" missed="0" covered="17"/><counter type="LINE" missed="0" covered="7"/><counter type="COMPLEXITY" missed="0" covered="5"/><counter type="METHOD" missed="0" covered="5"/><counter type="CLASS" missed="0" covered="1"/></sourcefile><sourcefile name="SurveyView.java"><line nr="20" mi="0" ci="2" mb="0" cb="0"/><line nr="21" mi="0" ci="1" mb="0" cb="0"/><line nr="24" mi="0" ci="2" mb="0" cb="0"/><line nr="25" mi="0" ci="3" mb="0" cb="0"/><line nr="26" mi="0" ci="3" mb="0" cb="0"/><line nr="27" mi="0" ci="3" mb="0" cb="0"/><line nr="28" mi="0" ci="3" mb="0" cb="0"/><line nr="29" mi="0" ci="3" mb="0" cb="0"/><line nr="30" mi="0" ci="3" mb="0" cb="0"/><line nr="31" mi="0" ci="3" mb="0" cb="0"/><line nr="32" mi="0" ci="3" mb="0" cb="0"/><line nr="33" mi="0" ci="3" mb="0" cb="0"/><line nr="34" mi="0" ci="3" mb="0" cb="0"/><line nr="35" mi="0" ci="1" mb="0" cb="0"/><line nr="38" mi="0" ci="3" mb="0" cb="0"/><line nr="42" mi="3" ci="0" mb="0" cb="0"/><line nr="43" mi="1" ci="0" mb="0" cb="0"/><line nr="55" mi="3" ci="0" mb="0" cb="0"/><line nr="59" mi="3" ci="0" mb="0" cb="0"/><line nr="60" mi="1" ci="0" mb="0" cb="0"/><line nr="63" mi="0" ci="3" mb="0" cb="0"/><line nr="67" mi="3" ci="0" mb="0" cb="0"/><line nr="68" mi="1" ci="0" mb="0" cb="0"/><line nr="71" mi="3" ci="0" mb="0" cb="0"/><line nr="75" mi="3" ci="0" mb="0" cb="0"/><line nr="76" mi="1" ci="0" mb="0" cb="0"/><line nr="79" mi="0" ci="3" mb="0" cb="0"/><line nr="83" mi="3" ci="0" mb="0" cb="0"/><line nr="84" mi="1" ci="0" mb="0" cb="0"/><line nr="87" mi="3" ci="0" mb="0" cb="0"/><line nr="91" mi="3" ci="0" mb="0" cb="0"/><line nr="92" mi="1" ci="0" mb="0" cb="0"/><line nr="95" mi="3" ci="0" mb="0" cb="0"/><line nr="99" mi="0" ci="3" mb="0" cb="0"/><line nr="103" mi="3" ci="0" mb="0" cb="0"/><line nr="104" mi="1" ci="0" mb="0" cb="0"/><line nr="107" mi="3" ci="0" mb="0" cb="0"/><line nr="111" mi="0" ci="3" mb="0" cb="0"/><line nr="115" mi="3" ci="0" mb="0" cb="0"/><line nr="116" mi="1" ci="0" mb="0" cb="0"/><line nr="119" mi="3" ci="0" mb="0" cb="0"/><line nr="123" mi="0" ci="3" mb="0" cb="0"/><line nr="127" mi="3" ci="0" mb="0" cb="0"/><line nr="128" mi="1" ci="0" mb="0" cb="0"/><line nr="131" mi="0" ci="3" mb="0" cb="0"/><line nr="135" mi="3" ci="0" mb="0" cb="0"/><line nr="136" mi="1" ci="0" mb="0" cb="0"/><counter type="INSTRUCTION" missed="58" covered="57"/><counter type="LINE" missed="26" covered="21"/><counter type="COMPLEXITY" missed="16" covered="9"/><counter type="METHOD" missed="16" covered="9"/><counter type="CLASS" missed="0" covered="1"/></sourcefile><sourcefile name="Response.java"><line nr="8" mi="0" ci="2" mb="0" cb="0"/><line nr="18" mi="0" ci="6" mb="0" cb="0"/><line nr="21" mi="3" ci="0" mb="0" cb="0"/><line nr="25" mi="3" ci="0" mb="0" cb="0"/><line nr="26" mi="1" ci="0" mb="0" cb="0"/><line nr="29" mi="0" ci="3" mb="0" cb="0"/><line nr="33" mi="0" ci="3" mb="0" cb="0"/><line nr="34" mi="0" ci="1" mb="0" cb="0"/><line nr="37" mi="3" ci="0" mb="0" cb="0"/><line nr="41" mi="3" ci="0" mb="0" cb="0"/><line nr="42" mi="1" ci="0" mb="0" cb="0"/><line nr="45" mi="0" ci="3" mb="0" cb="0"/><line nr="49" mi="0" ci="3" mb="0" cb="0"/><line nr="50" mi="0" ci="1" mb="0" cb="0"/><line nr="53" mi="0" ci="3" mb="0" cb="0"/><line nr="57" mi="0" ci="3" mb="0" cb="0"/><line nr="58" mi="0" ci="1" mb="0" cb="0"/><line nr="74" mi="0" ci="3" mb="0" cb="0"/><line nr="78" mi="0" ci="3" mb="0" cb="0"/><line nr="79" mi="0" ci="1" mb="0" cb="0"/><line nr="82" mi="0" ci="3" mb="0" cb="0"/><line nr="86" mi="0" ci="3" mb="0" cb="0"/><line nr="87" mi="0" ci="1" mb="0" cb="0"/><line nr="90" mi="0" ci="3" mb="0" cb="0"/><line nr="94" mi="0" ci="3" mb="0" cb="0"/><line nr="95" mi="0" ci="1" mb="0" cb="0"/><line nr="107" mi="3" ci="0" mb="0" cb="0"/><line nr="111" mi="0" ci="3" mb="0" cb="0"/><line nr="112" mi="0" ci="1" mb="0" cb="0"/><counter type="INSTRUCTION" missed="17" covered="54"/><counter type="LINE" missed="7" covered="22"/><counter type="COMPLEXITY" missed="5" covered="14"/><counter type="METHOD" missed="5" covered="14"/><counter type="CLASS" missed="0" covered="1"/></sourcefile><sourcefile name="Survey.java"><line nr="11" mi="0" ci="2" mb="0" cb="0"/><line nr="35" mi="0" ci="6" mb="0" cb="0"/><line nr="38" mi="0" ci="3" mb="0" cb="0"/><line nr="42" mi="0" ci="3" mb="0" cb="0"/><line nr="43" mi="0" ci="1" mb="0" cb="0"/><line nr="46" mi="0" ci="3" mb="0" cb="0"/><line nr="50" mi="0" ci="3" mb="0" cb="0"/><line nr="51" mi="0" ci="1" mb="0" cb="0"/><line nr="54" mi="0" ci="3" mb="0" cb="0"/><line nr="58" mi="0" ci="3" mb="0" cb="0"/><line nr="59" mi="0" ci="1" mb="0" cb="0"/><line nr="62" mi="0" ci="3" mb="0" cb="0"/><line nr="66" mi="0" ci="3" mb="0" cb="0"/><line nr="67" mi="0" ci="1" mb="0" cb="0"/><line nr="70" mi="0" ci="3" mb="0" cb="0"/><line nr="74" mi="0" ci="3" mb="0" cb="0"/><line nr="75" mi="0" ci="1" mb="0" cb="0"/><line nr="78" mi="3" ci="0" mb="0" cb="0"/><line nr="82" mi="0" ci="3" mb="0" cb="0"/><line nr="86" mi="0" ci="3" mb="0" cb="0"/><line nr="87" mi="0" ci="1" mb="0" cb="0"/><line nr="90" mi="3" ci="0" mb="0" cb="0"/><line nr="94" mi="0" ci="3" mb="0" cb="0"/><line nr="98" mi="0" ci="3" mb="0" cb="0"/><line nr="99" mi="0" ci="1" mb="0" cb="0"/><line nr="102" mi="3" ci="0" mb="0" cb="0"/><line nr="106" mi="0" ci="3" mb="0" cb="0"/><line nr="110" mi="0" ci="3" mb="0" cb="0"/><line nr="111" mi="0" ci="1" mb="0" cb="0"/><line nr="114" mi="0" ci="3" mb="0" cb="0"/><line nr="118" mi="0" ci="5" mb="0" cb="0"/><line nr="119" mi="0" ci="1" mb="0" cb="0"/><line nr="122" mi="0" ci="3" mb="0" cb="0"/><line nr="124" mi="0" ci="1" mb="0" cb="0"/><line nr="127" mi="0" ci="3" mb="0" cb="0"/><line nr="131" mi="0" ci="3" mb="0" cb="0"/><line nr="132" mi="0" ci="1" mb="0" cb="0"/><line nr="135" mi="0" ci="3" mb="0" cb="0"/><line nr="139" mi="0" ci="3" mb="0" cb="0"/><line nr="140" mi="0" ci="1" mb="0" cb="0"/><line nr="143" mi="0" ci="3" mb="0" cb="0"/><line nr="147" mi="0" ci="3" mb="0" cb="0"/><line nr="148" mi="0" ci="1" mb="0" cb="0"/><counter type="INSTRUCTION" missed="9" covered="98"/><counter type="LINE" missed="3" covered="40"/><counter type="COMPLEXITY" missed="3" covered="26"/><counter type="METHOD" missed="3" covered="26"/><counter type="CLASS" missed="0" covered="1"/></sourcefile><sourcefile name="User.java"><line nr="3" mi="3" ci="0" mb="0" cb="0"/><line nr="10" mi="3" ci="0" mb="0" cb="0"/><line nr="14" mi="3" ci="0" mb="0" cb="0"/><line nr="15" mi="1" ci="0" mb="0" cb="0"/><line nr="18" mi="3" ci="0" mb="0" cb="0"/><line nr="22" mi="3" ci="0" mb="0" cb="0"/><line nr="23" mi="1" ci="0" mb="0" cb="0"/><line nr="26" mi="3" ci="0" mb="0" cb="0"/><line nr="30" mi="3" ci="0" mb="0" cb="0"/><line nr="31" mi="1" ci="0" mb="0" cb="0"/><counter type="INSTRUCTION" missed="24" covered="0"/><counter type="LINE" missed="10" covered="0"/><counter type="COMPLEXITY" missed="7" covered="0"/><counter type="METHOD" missed="7" covered="0"/><counter type="CLASS" missed="1" covered="0"/></sourcefile><sourcefile name="Validate.java"><line nr="6" mi="0" ci="3" mb="0" cb="0"/><line nr="13" mi="3" ci="0" mb="0" cb="0"/><line nr="17" mi="3" ci="0" mb="0" cb="0"/><line nr="18" mi="1" ci="0" mb="0" cb="0"/><line nr="21" mi="3" ci="0" mb="0" cb="0"/><line nr="25" mi="3" ci="0" mb="0" cb="0"/><line nr="26" mi="1" ci="0" mb="0" cb="0"/><line nr="29" mi="3" ci="0" mb="0" cb="0"/><line nr="33" mi="3" ci="0" mb="0" cb="0"/><line nr="34" mi="1" ci="0" mb="0" cb="0"/><counter type="INSTRUCTION" missed="21" covered="3"/><counter type="LINE" missed="9" covered="1"/><counter type="COMPLEXITY" missed="6" covered="1"/><counter type="METHOD" missed="6" covered="1"/><counter type="CLASS" missed="0" covered="1"/></sourcefile><sourcefile name="SurveyViewAssign.java"><line nr="19" mi="2" ci="0" mb="0" cb="0"/><line nr="20" mi="1" ci="0" mb="0" cb="0"/><line nr="24" mi="2" ci="0" mb="0" cb="0"/><line nr="25" mi="3" ci="0" mb="0" cb="0"/><line nr="26" mi="3" ci="0" mb="0" cb="0"/><line nr="27" mi="3" ci="0" mb="0" cb="0"/><line nr="28" mi="3" ci="0" mb="0" cb="0"/><line nr="29" mi="3" ci="0" mb="0" cb="0"/><line nr="30" mi="3" ci="0" mb="0" cb="0"/><line nr="31" mi="3" ci="0" mb="0" cb="0"/><line nr="32" mi="3" ci="0" mb="0" cb="0"/><line nr="33" mi="3" ci="0" mb="0" cb="0"/><line nr="34" mi="3" ci="0" mb="0" cb="0"/><line nr="35" mi="3" ci="0" mb="0" cb="0"/><line nr="36" mi="3" ci="0" mb="0" cb="0"/><line nr="37" mi="1" ci="0" mb="0" cb="0"/><line nr="40" mi="3" ci="0" mb="0" cb="0"/><line nr="44" mi="3" ci="0" mb="0" cb="0"/><line nr="45" mi="1" ci="0" mb="0" cb="0"/><line nr="48" mi="3" ci="0" mb="0" cb="0"/><line nr="52" mi="3" ci="0" mb="0" cb="0"/><line nr="53" mi="1" ci="0" mb="0" cb="0"/><line nr="56" mi="3" ci="0" mb="0" cb="0"/><line nr="60" mi="3" ci="0" mb="0" cb="0"/><line nr="61" mi="1" ci="0" mb="0" cb="0"/><line nr="64" mi="3" ci="0" mb="0" cb="0"/><line nr="68" mi="3" ci="0" mb="0" cb="0"/><line nr="69" mi="1" ci="0" mb="0" cb="0"/><line nr="72" mi="3" ci="0" mb="0" cb="0"/><line nr="76" mi="3" ci="0" mb="0" cb="0"/><line nr="77" mi="1" ci="0" mb="0" cb="0"/><line nr="80" mi="3" ci="0" mb="0" cb="0"/><line nr="84" mi="3" ci="0" mb="0" cb="0"/><line nr="88" mi="3" ci="0" mb="0" cb="0"/><line nr="89" mi="1" ci="0" mb="0" cb="0"/><line nr="92" mi="3" ci="0" mb="0" cb="0"/><line nr="96" mi="3" ci="0" mb="0" cb="0"/><line nr="100" mi="3" ci="0" mb="0" cb="0"/><line nr="101" mi="1" ci="0" mb="0" cb="0"/><line nr="104" mi="3" ci="0" mb="0" cb="0"/><line nr="108" mi="3" ci="0" mb="0" cb="0"/><line nr="112" mi="3" ci="0" mb="0" cb="0"/><line nr="113" mi="1" ci="0" mb="0" cb="0"/><line nr="116" mi="3" ci="0" mb="0" cb="0"/><line nr="120" mi="3" ci="0" mb="0" cb="0"/><line nr="121" mi="1" ci="0" mb="0" cb="0"/><line nr="124" mi="3" ci="0" mb="0" cb="0"/><line nr="128" mi="3" ci="0" mb="0" cb="0"/><line nr="132" mi="3" ci="0" mb="0" cb="0"/><line nr="133" mi="1" ci="0" mb="0" cb="0"/><line nr="136" mi="3" ci="0" mb="0" cb="0"/><line nr="140" mi="3" ci="0" mb="0" cb="0"/><line nr="144" mi="3" ci="0" mb="0" cb="0"/><line nr="145" mi="1" ci="0" mb="0" cb="0"/><line nr="157" mi="3" ci="0" mb="0" cb="0"/><line nr="161" mi="3" ci="0" mb="0" cb="0"/><line nr="162" mi="1" ci="0" mb="0" cb="0"/><counter type="INSTRUCTION" missed="141" covered="0"/><counter type="LINE" missed="57" covered="0"/><counter type="COMPLEXITY" missed="31" covered="0"/><counter type="METHOD" missed="31" covered="0"/><counter type="CLASS" missed="1" covered="0"/></sourcefile><sourcefile name="Question.java"><line nr="14" mi="0" ci="2" mb="0" cb="0"/><line nr="21" mi="0" ci="5" mb="0" cb="0"/><line nr="23" mi="0" ci="6" mb="0" cb="0"/><line nr="39" mi="0" ci="3" mb="0" cb="0"/><line nr="43" mi="3" ci="0" mb="0" cb="0"/><line nr="44" mi="1" ci="0" mb="0" cb="0"/><line nr="47" mi="0" ci="3" mb="0" cb="0"/><line nr="51" mi="3" ci="0" mb="0" cb="0"/><line nr="52" mi="1" ci="0" mb="0" cb="0"/><line nr="55" mi="0" ci="3" mb="0" cb="0"/><line nr="59" mi="3" ci="0" mb="0" cb="0"/><line nr="60" mi="1" ci="0" mb="0" cb="0"/><line nr="63" mi="0" ci="3" mb="0" cb="0"/><line nr="67" mi="0" ci="3" mb="0" cb="0"/><line nr="68" mi="0" ci="1" mb="0" cb="0"/><line nr="71" mi="0" ci="3" mb="0" cb="0"/><line nr="75" mi="0" ci="3" mb="0" cb="0"/><line nr="76" mi="0" ci="1" mb="0" cb="0"/><line nr="79" mi="0" ci="3" mb="0" cb="0"/><line nr="83" mi="0" ci="3" mb="0" cb="0"/><line nr="84" mi="0" ci="1" mb="0" cb="0"/><line nr="87" mi="3" ci="0" mb="0" cb="0"/><line nr="91" mi="0" ci="3" mb="0" cb="0"/><line nr="95" mi="0" ci="3" mb="0" cb="0"/><line nr="96" mi="0" ci="1" mb="0" cb="0"/><line nr="100" mi="0" ci="3" mb="0" cb="0"/><line nr="104" mi="0" ci="3" mb="0" cb="0"/><line nr="108" mi="0" ci="3" mb="0" cb="0"/><line nr="109" mi="0" ci="1" mb="0" cb="0"/><line nr="112" mi="0" ci="5" mb="0" cb="0"/><line nr="113" mi="0" ci="1" mb="0" cb="0"/><line nr="116" mi="0" ci="3" mb="0" cb="0"/><line nr="117" mi="0" ci="1" mb="0" cb="0"/><line nr="120" mi="0" ci="5" mb="0" cb="0"/><line nr="121" mi="0" ci="1" mb="0" cb="0"/><line nr="124" mi="0" ci="3" mb="0" cb="0"/><line nr="128" mi="3" ci="0" mb="0" cb="0"/><line nr="129" mi="1" ci="0" mb="0" cb="0"/><line nr="132" mi="0" ci="3" mb="0" cb="0"/><line nr="136" mi="0" ci="3" mb="0" cb="0"/><line nr="137" mi="0" ci="1" mb="0" cb="0"/><line nr="140" mi="0" ci="3" mb="0" cb="0"/><line nr="144" mi="3" ci="0" mb="0" cb="0"/><line nr="145" mi="1" ci="0" mb="0" cb="0"/><line nr="148" mi="0" ci="3" mb="0" cb="0"/><line nr="152" mi="3" ci="0" mb="0" cb="0"/><line nr="153" mi="1" ci="0" mb="0" cb="0"/><line nr="156" mi="0" ci="3" mb="0" cb="0"/><line nr="160" mi="3" ci="0" mb="0" cb="0"/><line nr="161" mi="1" ci="0" mb="0" cb="0"/><line nr="164" mi="0" ci="3" mb="0" cb="0"/><line nr="168" mi="3" ci="0" mb="0" cb="0"/><line nr="169" mi="1" ci="0" mb="0" cb="0"/><line nr="182" mi="0" ci="3" mb="0" cb="0"/><line nr="186" mi="3" ci="0" mb="0" cb="0"/><line nr="187" mi="1" ci="0" mb="0" cb="0"/><line nr="190" mi="0" ci="3" mb="0" cb="0"/><line nr="194" mi="3" ci="0" mb="0" cb="0"/><line nr="195" mi="1" ci="0" mb="0" cb="0"/><counter type="INSTRUCTION" missed="43" covered="104"/><counter type="LINE" missed="21" covered="38"/><counter type="COMPLEXITY" missed="11" covered="27"/><counter type="METHOD" missed="11" covered="27"/><counter type="CLASS" missed="0" covered="1"/></sourcefile><sourcefile name="Page.java"><line nr="9" mi="0" ci="2" mb="0" cb="0"/><line nr="18" mi="0" ci="6" mb="0" cb="0"/><line nr="21" mi="0" ci="3" mb="0" cb="0"/><line nr="25" mi="0" ci="3" mb="0" cb="0"/><line nr="26" mi="0" ci="1" mb="0" cb="0"/><line nr="29" mi="0" ci="3" mb="0" cb="0"/><line nr="33" mi="0" ci="3" mb="0" cb="0"/><line nr="34" mi="0" ci="1" mb="0" cb="0"/><line nr="37" mi="0" ci="3" mb="0" cb="0"/><line nr="41" mi="0" ci="5" mb="0" cb="0"/><line nr="43" mi="0" ci="1" mb="0" cb="0"/><line nr="47" mi="0" ci="3" mb="0" cb="0"/><line nr="51" mi="0" ci="3" mb="0" cb="0"/><line nr="52" mi="0" ci="1" mb="0" cb="0"/><line nr="55" mi="0" ci="3" mb="0" cb="0"/><line nr="59" mi="0" ci="3" mb="0" cb="0"/><line nr="63" mi="0" ci="3" mb="0" cb="0"/><line nr="64" mi="0" ci="1" mb="0" cb="0"/><line nr="67" mi="0" ci="3" mb="0" cb="0"/><line nr="71" mi="0" ci="3" mb="0" cb="0"/><line nr="72" mi="0" ci="1" mb="0" cb="0"/><counter type="INSTRUCTION" missed="0" covered="55"/><counter type="LINE" missed="0" covered="21"/><counter type="COMPLEXITY" missed="0" covered="14"/><counter type="METHOD" missed="0" covered="14"/><counter type="CLASS" missed="0" covered="1"/></sourcefile><counter type="INSTRUCTION" missed="4723" covered="924"/><counter type="BRANCH" missed="73" covered="5"/><counter type="LINE" missed="1078" covered="251"/><counter type="COMPLEXITY" missed="198" covered="131"/><counter type="METHOD" missed="160" covered="130"/><counter type="CLASS" missed="5" covered="14"/></package><counter type="INSTRUCTION" missed="7783" covered="1292"/><counter type="BRANCH" missed="125" covered="15"/><counter type="LINE" missed="1749" covered="337"/><counter type="COMPLEXITY" missed="331" covered="158"/><counter type="METHOD" missed="266" covered="153"/><counter type="CLASS" missed="16" covered="20"/></report>